==============================================================================

                  ------ MOMENTUM STATISTICS (RF mode) ------

              Momentum MomEngine_64 2025.10.433 (*) built: Oct 23 2024
                           Thu Jan 23 15:10:57 2025

==============================================================================


------------------------------------------------------------------------------
MESH
------------------------------------------------------------------------------
 Frequency          : 0.05 GHz

 Rectangular cells  : 4
 Quadrangular cells : 22
 Triangular cells   : 70
 Via cells          : 16

 Edge currents      : 159

------------------------------------------------------------------------------
SOLVER                        USER TIME      ELAPSED TIME      MEMORY         
PROCESSES                      (h:m:s)          (h:m:s)         (MB)          
------------------------------------------------------------------------------

SIMULATION SET-UP
-----------------
 Initialization           |     0: 0: 0   |     0: 0: 0   |     34.82   
 Ports analysis           |     0: 0: 0   |     0: 0: 0   |      0.00   
 Mesh processing          |     0: 0: 0   |     0: 0: 0   |     31.41   

 Matrix size : 428
 Reduced matrix size : 188
 Estimated process size is below 256.00 MB

 Simulation temperature : 298.15 K

1. SIMULATION FREQUENCY = 5 MHz 
-------------------------
 Green functions          |     0: 0: 0   |     0: 0: 0   |      1.50   
 Basis creation           |     0: 0: 0   |     0: 0: 0   |      5.76   

QUASI-STATIC CALCULATIONS
-------------------------
 Matrix load              |     0: 0: 6   |     0: 0: 1   |     22.94   
 Matrix load              |     0: 0: 0   |     0: 0: 0   |      0.00   
 Matrix solve             |     0: 0: 0   |     0: 0: 0   |      2.20   
 S parameters             |     0: 0: 0   |     0: 0: 0   |      0.03   

2. SIMULATION FREQUENCY = 13.56 MHz 
-------------------------
 Matrix load              |     0: 0: 0   |     0: 0: 0   |      0.51   
 Matrix solve             |     0: 0: 0   |     0: 0: 0   |      0.00   
 S parameters             |     0: 0: 0   |     0: 0: 0   |      0.00   

3. SIMULATION FREQUENCY = 50 MHz 
-------------------------
 Matrix load              |     0: 0: 0   |     0: 0: 0   |      0.00   
 Matrix solve             |     0: 0: 0   |     0: 0: 0   |      0.00   
 S parameters             |     0: 0: 0   |     0: 0: 0   |      0.00   
 Adaptive sampling        |     0: 0: 0   |     0: 0: 0   |      0.01   

4. SIMULATION FREQUENCY = 37.8533 MHz 
-------------------------
 Matrix load              |     0: 0: 0   |     0: 0: 0   |      0.00   
 Matrix solve             |     0: 0: 0   |     0: 0: 0   |      0.00   
 S parameters             |     0: 0: 0   |     0: 0: 0   |      0.00   
 Adaptive sampling        |     0: 0: 0   |     0: 0: 0   |      0.00   

5. SIMULATION FREQUENCY = 25.7067 MHz 
-------------------------
 Matrix load              |     0: 0: 0   |     0: 0: 0   |      0.00   
 Matrix solve             |     0: 0: 0   |     0: 0: 0   |      0.00   
 S parameters             |     0: 0: 0   |     0: 0: 0   |      0.00   
 Adaptive sampling        |     0: 0: 0   |     0: 0: 0   |      0.71   

------------------------------------------------------------------------------
TOTALS
------------------------------------------------------------------------------
 Nr of Frequencies   : 5 

 Physical memory :    99.96 MB
 Virtual memory  :   108.07 MB
 Page faults     :       26087
 User Time       :    0h 0m 6s
 Elapsed Time    :    0h 0m 1s

==============================================================================

