mode = forced
CONFIGURATION VARIABLES WITH NON-DEFAULT VALUES:

                                        Actual             Default
------------------------------------------------------------------
  FEM_MESHER_SHOW_PROGRESS                 OFF                    
  
  
FEM engine                : 471.000 2024-11-06
FEM solver                : 1.57.0
AFS                       : 3.20.4

 
Machine                             : MATDDM-PC
Maximum number of threads           : Automatic
Date                                : Wed Dec 18 15:38:31 2024
Design                              : D:\Keysight\mdejeante\BE_PilotageRobot_ADS\BE_PilotageRobot_wrk\simulation\BE_PilotageRobot_lib\antenna_layout\layout\emSetup_FEM\proj.ep\Simulations\000001\emds_dsn\design

--------------------------------------------------------
         Pass 1
--------------------------------------------------------


*** MESH ***


FEM Mesher: 2.15.25


    
Automatic initial target mesh size: 6.25e+06 um
   
PROGRESS 33
PROGRESS 35
PROGRESS 36
PROGRESS 37
PROGRESS 38
PROGRESS 39
PROGRESS 40
PROGRESS 41
PROGRESS 42
PROGRESS 44
PROGRESS 45
PROGRESS 46
PROGRESS 47
PROGRESS 48
PROGRESS 49
PROGRESS 50
PROGRESS 51
PROGRESS 52
PROGRESS 53
PROGRESS 55
PROGRESS 56
PROGRESS 57
PROGRESS 58
PROGRESS 59
PROGRESS 60
PROGRESS 61
PROGRESS 62
PROGRESS 64
PROGRESS 65
PROGRESS 66
PROGRESS 77
PROGRESS 88
PROGRESS 90
Generated 3674 Tetrahedra, 8218 Surfaces, 1025 Points

    CPU time: 00:00:01.8    Elapsed time: 00:00:02.0

*** SOLVE ***

PROGRESS 26
PROGRESS 27
PROGRESS 28
PROGRESS 29
PROGRESS 30
PROGRESS 32
PROGRESS 33
PROGRESS 34
PROGRESS 35
PROGRESS 36
PROGRESS 38
PROGRESS 39
PROGRESS 41
PROGRESS 43
PROGRESS 44
PROGRESS 45
PROGRESS 46
PROGRESS 47
PROGRESS 48
PROGRESS 49
PROGRESS 52
PROGRESS 53
PROGRESS 54
PROGRESS 55
PROGRESS 57
PROGRESS 58
PROGRESS 60
PROGRESS 61
PROGRESS 62
PROGRESS 64
PROGRESS 68
PROGRESS 69
PROGRESS 71
PROGRESS 72
PROGRESS 74
PROGRESS 90
PROGRESS 100

 1. Frequency: 16 MHz      Unknowns:   19396
    Solver:  Direct threaded 64-bit
    CPU time: 00:00:02.7    Elapsed time: 00:00:01.0    Memory: 111.969 Mbyte 
    Delta S:  not available           [Target:  0.020000]
Generated dataset

--------------------------------------------------------
         Pass 2
--------------------------------------------------------


*** ADAPT ***

Generated 4259 Tetrahedra, 9415 Surfaces, 1145 Points

    CPU time: 00:00:00.5    Elapsed time: 00:00:00.6

*** SOLVE ***

PROGRESS 26
PROGRESS 27
PROGRESS 28
PROGRESS 29
PROGRESS 30
PROGRESS 31
PROGRESS 32
PROGRESS 33
PROGRESS 34
PROGRESS 35
PROGRESS 36
PROGRESS 37
PROGRESS 38
PROGRESS 39
PROGRESS 40
PROGRESS 41
PROGRESS 42
PROGRESS 43
PROGRESS 44
PROGRESS 45
PROGRESS 46
PROGRESS 47
PROGRESS 48
PROGRESS 49
PROGRESS 50
PROGRESS 51
PROGRESS 52
PROGRESS 53
PROGRESS 56
PROGRESS 57
PROGRESS 58
PROGRESS 59
PROGRESS 61
PROGRESS 62
PROGRESS 63
PROGRESS 65
PROGRESS 66
PROGRESS 67
PROGRESS 69
PROGRESS 70
PROGRESS 72
PROGRESS 74
PROGRESS 90
PROGRESS 100

 1. Frequency: 16 MHz      Unknowns:   23174
    Solver:  Direct threaded 64-bit
    CPU time: 00:00:03.2    Elapsed time: 00:00:01.5    Memory: 131.805 Mbyte 
    Delta S:    0.000760           [Target:  0.020000]
Generated dataset

--------------------------------------------------------
         Computing solution
--------------------------------------------------------


*** SOLVE ***


 1. Frequency: 0 Hz      Unknowns:   19396
    Solver:  LF
    CPU time: 00:00:03.2    Elapsed time: 00:00:02.3    Memory: 112.566 Mbyte 

 2. Frequency: 16 MHz      Unknowns:   19396
    Solver:  reuse
    CPU time: 00:00:02.7    Elapsed time: 00:00:01.0    Memory: 111.969 Mbyte 

 3. Frequency: 5.334 MHz      Unknowns:   19396
    Solver:  Direct threaded 64-bit
    CPU time: 00:00:01.8    Elapsed time: 00:00:00.7    Memory: 114.270 Mbyte 

 4. Frequency: 10.667 MHz      Unknowns:   19396
    Solver:  Direct threaded 64-bit
    CPU time: 00:00:01.0    Elapsed time: 00:00:00.3    Memory: 114.402 Mbyte 

------------------------------------------------
DISTRIBUTION SUMMARY:
controller with id 0    on MATDDM-PC 
solver with id 1    on MATDDM-PC:  #freq:3     
------------------------------------------------
------------------------------------------------
Total Elapsed Time = 0:00:17
------------------------------------------------


Simulation results can be reused

