Load ACIS file
  acis version = ACIS 31.0 NT
  product = Keysight Technologies
  errmsg = success
  entlist.count() = 8
  Unit is  = 1
removing transformations
BODY 0 with transformation: scaling=1, translation=(5000,4300,0)
BODY 1 with transformation: scaling=1, translation=(0,0,0)
  Body transf not removed as not necessary  1
BODY 2 with transformation: scaling=1, translation=(0,0,1269.9999999999998)
BODY 3 with transformation: scaling=1, translation=(0,0,1269.9999999999998)
BODY 4 with transformation: scaling=1, translation=(0,0,634.99999999999989)
BODY 5 with transformation: scaling=1, translation=(0,0,634.99999999999989)
BODY 6 with transformation: scaling=1, translation=(0,0,634.99999999999989)
BODY 7 with transformation: scaling=1, translation=(5000.0000000000009,4300,3388.9999999999995)
Separating bodies into entities:
  Body [0] contains entity  [0]
  Body [1] contains entity  [1]
  Body [2] contains entity  [2]
  Body [3] contains entity  [3]
  Body [4] contains entity  [4]
  Body [5] contains entity  [5]
  Body [6] contains entity  [6]
  Body [7] contains entity  [7]
Entity 0,name=Simulation box, bb=(-3125,-4525,0)->(13125,13125,6778)
Entity 1,name=Alumina, bb=(-3124.99999999999,-4524.99999999999,0)->(13125,13125,1269.99999999999)
Entity 2,name=, bb=(0,-1400,1269.99999999999)->(10000,10000,1777.99999999999)
Entity 3,name=, bb=(5600,-1400,1269.99999999999)->(6200,600,1777.99999999999)
Entity 4,name=, bb=(5600,0,634.99999999999898)->(6200,3000,1143)
Entity 5,name=, bb=(5895.3810000000003,295.38099999999997,634.99999999999898)->(5904.6189999999997,304.61900000000003,1269.99999999999)
Entity 6,name=, bb=(5895.3810000000003,2695.3809999999999,634.99999999999898)->(5904.6189999999997,2704.6190000000001,1269.99999999999)
Entity 7,name=*unknown*, bb=(-3125,-4525,0)->(13125,13125,6777.99999999999)
[Combine] Creating backup - deep copy of [8] entities.
[Combine] Object statistics computed in 0.001, allFacesPlanar = 1, dominant normal = 0,0,1

[Combine] Initial healing distance = 	0.024930428877177384
[Combine] Final healing distance   = 	0.024930428877177384
[Combine] Adjusting spatial resolution.
[Combine] healing distance = 	0.024930428877177384
[Combine] Premesher Simplify
[Combine] Premesher Cylinders
[Combine] Merge objects of same material
[Combine] Cleaning objects
[Combine] Searching for empty entities
[Combine] Sorting priorities
[Combine] Building cell info
[Combine] Filter entities
[Combine] Cleaning topology
[Combine, Cleaning topology] Fetching all faces 
[Combine, Cleaning topology] Testing face areas [85]
[Combine, Cleaning topology] Small:  0, Bad: 0, Searches: 0, ToRemove: 0
[Combine] Repairing and checking integrity of bodies
[Combine] Tightening gaps
[Combine] Face cutting skipped
Restricting h (face curvature)
Restricting h (face curvature)

Line meshing completed:
Mesh overview:
  Vertices: 594
  Edges:    664
  Surfaces: 0
  Volumes:  0

  lineMeshTime hash: [12003842096505865799] computed in 0.0019452s
Smaller local tree being used

999/0/0 map/can/use rule Free Triangle (1)
0/7/4 map/can/use rule Free Triangle (5)
0/2/1 map/can/use rule Free Triangle (10)
0/2/2 map/can/use rule Free Triangle (20)
831/223/6 map/can/use rule Right 60 (1)
824/216/6 map/can/use rule Left 60 (1)
669/0/0 map/can/use rule Right 120 (1)
810/17/0 map/can/use rule Left 120 (1)
312/18/0 map/can/use rule Left Right 120 (1)
416/400/7 map/can/use rule Fill Triangle
3371/509/7 map/can/use rule Vis A Vis (1)
1121/1/0 map/can/use rule 2 h Vis A Vis (1)


999/154/80 map/can/use rule Free Triangle (1)
0/22/6 map/can/use rule Free Triangle (5)
0/0/0 map/can/use rule Free Triangle (10)
0/0/0 map/can/use rule Free Triangle (20)
565/313/39 map/can/use rule Right 60 (1)
453/268/42 map/can/use rule Left 60 (1)
391/70/23 map/can/use rule Right 120 (1)
449/27/17 map/can/use rule Left 120 (1)
149/18/3 map/can/use rule Left Right 120 (1)
71/71/6 map/can/use rule Fill Triangle
5671/503/16 map/can/use rule Vis A Vis (1)
1400/57/0 map/can/use rule 2 h Vis A Vis (1)


999/179/78 map/can/use rule Free Triangle (1)
0/35/4 map/can/use rule Free Triangle (5)
0/0/0 map/can/use rule Free Triangle (10)
0/0/0 map/can/use rule Free Triangle (20)
515/281/41 map/can/use rule Right 60 (1)
463/266/36 map/can/use rule Left 60 (1)
334/67/25 map/can/use rule Right 120 (1)
440/28/14 map/can/use rule Left 120 (1)
98/10/4 map/can/use rule Left Right 120 (1)
83/79/9 map/can/use rule Fill Triangle
6278/601/17 map/can/use rule Vis A Vis (1)
1593/45/0 map/can/use rule 2 h Vis A Vis (1)


999/78/69 map/can/use rule Free Triangle (1)
0/1/0 map/can/use rule Free Triangle (5)
0/0/0 map/can/use rule Free Triangle (10)
0/0/0 map/can/use rule Free Triangle (20)
629/317/55 map/can/use rule Right 60 (1)
538/289/62 map/can/use rule Left 60 (1)
418/18/4 map/can/use rule Right 120 (1)
517/48/10 map/can/use rule Left 120 (1)
192/25/5 map/can/use rule Left Right 120 (1)
137/137/31 map/can/use rule Fill Triangle
5700/291/41 map/can/use rule Vis A Vis (1)
1147/4/0 map/can/use rule 2 h Vis A Vis (1)


Surface meshing completed:
Mesh overview:
  Vertices: 1250
  Edges:    664
  Surfaces: 2690
  Volumes:  0

Surface optimization:
  All faces planar   : 1
  All edges straight : 1
  Mesh operations    : 3560

2D optimization completed:
Mesh overview:
  Vertices: 1250
  Edges:    664
  Surfaces: 2690
  Volumes:  0


Surface meshing completed:
Mesh overview:
  Vertices: 1093
  Edges:    664
  Surfaces: 2376
  Volumes:  0
  surfaceMeshTime hash: [15252605357545322992] computed in 0.0022426s
[Check Boundary Overlap] algorithm 5 - using [ 16 ] threads
  Classified surfaces in [ 0.00016259999999999999 ]
  Total # of surfaces [ 85 ]
  Total # of surfaces to check [ 0 ]
[Check consistency of domains] algorithm 1 = [ 9 ]
  All threads joined.
  All threads deleted.
  LocalH lock.
[Overlap] Detected [ 0 ] overlapping elements
[Overlap] succesful repair

CheckBoundaries done. 

Starting volume meshing:
Mesh overview:
  Vertices: 1093
  Edges:    664
  Surfaces: 2376
  Volumes:  0
blockfill local h
rel filldist = 0.10000000000000001
+.


Tet quality (P: 1330, V: 6038 )
  Extremely low:   4271
  0.00-0.05|    5673|0.94|**********************************************
  0.05-0.10|     182|0.03|*
  0.10-0.15|      86|0.01|
  0.15-0.20|      40|0.01|
  0.20-0.25|      24|0.00|
  0.25-0.30|       5|0.00|
  0.30-0.35|      14|0.00|
  0.35-0.40|       3|0.00|
  0.40-0.45|       2|0.00|
  0.45-0.50|       2|0.00|
  0.50-0.55|       2|0.00|
  0.55-0.60|       1|0.00|
  0.60-0.65|       0|0.00|
  0.65-0.70|       0|0.00|
  0.70-0.75|       2|0.00|
  0.75-0.80|       0|0.00|
  0.80-0.85|       0|0.00|
  0.85-0.90|       0|0.00|
  0.90-0.95|       1|0.00|
  0.95-1.00|       1|0.00|
  Total error: 42710013927663.15

free: 3872, fixed: 2166

[SwapImprove] Begin

[SwapImprove] Done
free: 924, fixed: 4907

[SwapImprove] Begin

[SwapImprove] Done


Tet quality (P: 1330, V: 5815 )
  Extremely low:   4063
  0.00-0.05|    5441|0.94|**********************************************
  0.05-0.10|     182|0.03|*
  0.10-0.15|      89|0.02|
  0.15-0.20|      39|0.01|
  0.20-0.25|      31|0.01|
  0.25-0.30|       5|0.00|
  0.30-0.35|      14|0.00|
  0.35-0.40|       3|0.00|
  0.40-0.45|       2|0.00|
  0.45-0.50|       2|0.00|
  0.50-0.55|       2|0.00|
  0.55-0.60|       1|0.00|
  0.60-0.65|       0|0.00|
  0.65-0.70|       0|0.00|
  0.70-0.75|       2|0.00|
  0.75-0.80|       0|0.00|
  0.80-0.85|       0|0.00|
  0.85-0.90|       0|0.00|
  0.90-0.95|       1|0.00|
  0.95-1.00|       1|0.00|
  Total error: 40630013719778.65

blockfill local h
rel filldist = 0.10
+.


Tet quality (P: 1249, V: 2360 )
  Extremely low:   2360
  0.00-0.05|    2360|1.00|**************************************************
  0.05-0.10|       0|0.00|
  0.10-0.15|       0|0.00|
  0.15-0.20|       0|0.00|
  0.20-0.25|       0|0.00|
  0.25-0.30|       0|0.00|
  0.30-0.35|       0|0.00|
  0.35-0.40|       0|0.00|
  0.40-0.45|       0|0.00|
  0.45-0.50|       0|0.00|
  0.50-0.55|       0|0.00|
  0.55-0.60|       0|0.00|
  0.60-0.65|       0|0.00|
  0.65-0.70|       0|0.00|
  0.70-0.75|       0|0.00|
  0.75-0.80|       0|0.00|
  0.80-0.85|       0|0.00|
  0.85-0.90|       0|0.00|
  0.90-0.95|       0|0.00|
  0.95-1.00|       0|0.00|
  Total error: 23600000000000.00

free: 1489, fixed: 871

[SwapImprove] Begin

[SwapImprove] Done
free: 817, fixed: 1460

[SwapImprove] Begin

[SwapImprove] Done


Tet quality (P: 1249, V: 2265 )
  Extremely low:   2265
  0.00-0.05|    2265|1.00|**************************************************
  0.05-0.10|       0|0.00|
  0.10-0.15|       0|0.00|
  0.15-0.20|       0|0.00|
  0.20-0.25|       0|0.00|
  0.25-0.30|       0|0.00|
  0.30-0.35|       0|0.00|
  0.35-0.40|       0|0.00|
  0.40-0.45|       0|0.00|
  0.45-0.50|       0|0.00|
  0.50-0.55|       0|0.00|
  0.55-0.60|       0|0.00|
  0.60-0.65|       0|0.00|
  0.65-0.70|       0|0.00|
  0.70-0.75|       0|0.00|
  0.75-0.80|       0|0.00|
  0.80-0.85|       0|0.00|
  0.85-0.90|       0|0.00|
  0.90-0.95|       0|0.00|
  0.95-1.00|       0|0.00|
  Total error: 22650000000000.00

Vol Meshing added
  3740 tetrahedra through Delaunay tetrahedralization
  190 tetrahedra through advancing front tetrahedralization
  2 passes on advancing front tetrahedralization
  [MarkIllegalElements] Start
  [MarkIllegalElements] End: 0


Tet quality (P: 1214, V: 3930 )
  Extremely low:   2967
  0.00-0.05|    3702|0.94|***********************************************
  0.05-0.10|      96|0.02|*
  0.10-0.15|      58|0.01|
  0.15-0.20|      29|0.01|
  0.20-0.25|      15|0.00|
  0.25-0.30|       3|0.00|
  0.30-0.35|      13|0.00|
  0.35-0.40|       3|0.00|
  0.40-0.45|       2|0.00|
  0.45-0.50|       2|0.00|
  0.50-0.55|       2|0.00|
  0.55-0.60|       1|0.00|
  0.60-0.65|       0|0.00|
  0.65-0.70|       0|0.00|
  0.70-0.75|       2|0.00|
  0.75-0.80|       0|0.00|
  0.80-0.85|       0|0.00|
  0.85-0.90|       0|0.00|
  0.90-0.95|       1|0.00|
  0.95-1.00|       1|0.00|
  Total error: 29670007155742.96


Volume meshing completed:
Mesh overview:
  Vertices: 1214
  Edges:    664
  Surfaces: 2376
  Volumes:  3930
[CombineImprove] Start
tets with zero volume: 1
tets illegal: 6
tets with zero volume: 7
tets with low volume: 1
tets with zero volume: 4
tets illegal: 5
tets with low volume: 5
tets with zero volume: 5
tets with zero volume: 7
tets with low volume: 2
tets with zero volume: 5
tets with low volume: 2
tets with zero volume: 3
tets with zero volume: 6
tets with zero volume: 7
tets with zero volume: 4
tets with low volume: 2
tets with zero volume: 3
tets with zero volume: 4
tets with zero volume: 7
tets with zero volume: 6
tets with zero volume: 3
tets illegal: 2
tets with zero volume: 9
tets with zero volume: 5
tets with zero volume: 5
tets with zero volume: 5
tets with zero volume: 4
tets illegal: 2
tets with zero volume: 3
tets illegal: 2
tets with zero volume: 2
tets illegal: 2
tets with low volume: 2
tets with zero volume: 4
tets with low volume: 2
tets with zero volume: 3
tets with zero volume: 2
tets illegal: 2
tets with zero volume: 4
tets illegal: 2
tets with zero volume: 2
tets illegal: 4
tets with zero volume: 7
tets with zero volume: 5
tets with zero volume: 7
tets with zero volume: 5
tets with zero volume: 4
tets illegal: 2
tets with zero volume: 3
tets illegal: 2
tets with zero volume: 3
tets illegal: 2
tets with zero volume: 1
tets illegal: 3
  [MarkIllegalElements] Start
  [MarkIllegalElements] End: 0
36 elements combined
[CombineImprove] Done
[ImproveMesh_Opt] Start
  Inspected [ 85 ] candidate points.
  Attempted [ 85 ] new positions.
  Inspected [ 0 ] dropped due to no badness improvement.
[ImproveMesh_Opt] Done
start SplitImprove
  [MarkIllegalElements] Start
  [MarkIllegalElements] End: 0
Splitt - Improve done
[ImproveMesh_Opt] Start
  Inspected [ 85 ] candidate points.
  Attempted [ 85 ] new positions.
  Inspected [ 0 ] dropped due to no badness improvement.
[ImproveMesh_Opt] Done
[ImproveMesh_Opt] Start
  Inspected [ 85 ] candidate points.
  Attempted [ 85 ] new positions.
  Inspected [ 0 ] dropped due to no badness improvement.
[ImproveMesh_Opt] Done


Tet quality (P: 1178, V: 3702 )
  Extremely low:   2710
  0.00-0.05|    3478|0.94|**********************************************
  0.05-0.10|      95|0.03|*
  0.10-0.15|      48|0.01|
  0.15-0.20|      26|0.01|
  0.20-0.25|      17|0.00|
  0.25-0.30|      14|0.00|
  0.30-0.35|       4|0.00|
  0.35-0.40|       2|0.00|
  0.40-0.45|       5|0.00|
  0.45-0.50|       6|0.00|
  0.50-0.55|       1|0.00|
  0.55-0.60|       3|0.00|
  0.60-0.65|       0|0.00|
  0.65-0.70|       1|0.00|
  0.70-0.75|       0|0.00|
  0.75-0.80|       1|0.00|
  0.80-0.85|       0|0.00|
  0.85-0.90|       0|0.00|
  0.90-0.95|       0|0.00|
  0.95-1.00|       1|0.00|
  Total error: 27100008548252.07

[CombineImprove] Start
tets with zero volume: 1
tets illegal: 6
tets with zero volume: 5
tets with zero volume: 1
tets illegal: 4
tets with zero volume: 4
  [MarkIllegalElements] Start
  [MarkIllegalElements] End: 0
4 elements combined
[CombineImprove] Done
[ImproveMesh_Opt] Start
  Inspected [ 81 ] candidate points.
  Attempted [ 81 ] new positions.
  Inspected [ 0 ] dropped due to no badness improvement.
[ImproveMesh_Opt] Done
start SplitImprove
  [MarkIllegalElements] Start
  [MarkIllegalElements] End: 0
Splitt - Improve done
[ImproveMesh_Opt] Start
  Inspected [ 81 ] candidate points.
  Attempted [ 81 ] new positions.
  Inspected [ 0 ] dropped due to no badness improvement.
[ImproveMesh_Opt] Done
[ImproveMesh_Opt] Start
  Inspected [ 81 ] candidate points.
  Attempted [ 81 ] new positions.
  Inspected [ 0 ] dropped due to no badness improvement.
[ImproveMesh_Opt] Done


Tet quality (P: 1174, V: 3680 )
  Extremely low:   2689
  0.00-0.05|    3456|0.94|**********************************************
  0.05-0.10|      95|0.03|*
  0.10-0.15|      48|0.01|
  0.15-0.20|      26|0.01|
  0.20-0.25|      18|0.00|
  0.25-0.30|      13|0.00|
  0.30-0.35|       4|0.00|
  0.35-0.40|       2|0.00|
  0.40-0.45|       5|0.00|
  0.45-0.50|       6|0.00|
  0.50-0.55|       1|0.00|
  0.55-0.60|       3|0.00|
  0.60-0.65|       0|0.00|
  0.65-0.70|       1|0.00|
  0.70-0.75|       0|0.00|
  0.75-0.80|       1|0.00|
  0.80-0.85|       0|0.00|
  0.85-0.90|       0|0.00|
  0.90-0.95|       0|0.00|
  0.95-1.00|       1|0.00|
  Total error: 26890008493833.75

[CombineImprove] Start
tets with zero volume: 6
  [MarkIllegalElements] Start
  [MarkIllegalElements] End: 0
1 elements combined
[CombineImprove] Done
[ImproveMesh_Opt] Start
  Inspected [ 80 ] candidate points.
  Attempted [ 80 ] new positions.
  Inspected [ 0 ] dropped due to no badness improvement.
[ImproveMesh_Opt] Done
start SplitImprove
  [MarkIllegalElements] Start
  [MarkIllegalElements] End: 0
Splitt - Improve done
[ImproveMesh_Opt] Start
  Inspected [ 80 ] candidate points.
  Attempted [ 80 ] new positions.
  Inspected [ 0 ] dropped due to no badness improvement.
[ImproveMesh_Opt] Done
[ImproveMesh_Opt] Start
  Inspected [ 80 ] candidate points.
  Attempted [ 80 ] new positions.
  Inspected [ 0 ] dropped due to no badness improvement.
[ImproveMesh_Opt] Done


Tet quality (P: 1173, V: 3674 )
  Extremely low:   2683
  0.00-0.05|    3450|0.94|**********************************************
  0.05-0.10|      95|0.03|*
  0.10-0.15|      48|0.01|
  0.15-0.20|      26|0.01|
  0.20-0.25|      18|0.00|
  0.25-0.30|      13|0.00|
  0.30-0.35|       4|0.00|
  0.35-0.40|       2|0.00|
  0.40-0.45|       5|0.00|
  0.45-0.50|       6|0.00|
  0.50-0.55|       1|0.00|
  0.55-0.60|       3|0.00|
  0.60-0.65|       0|0.00|
  0.65-0.70|       1|0.00|
  0.70-0.75|       0|0.00|
  0.75-0.80|       1|0.00|
  0.80-0.85|       0|0.00|
  0.85-0.90|       0|0.00|
  0.90-0.95|       0|0.00|
  0.95-1.00|       1|0.00|
  Total error: 26830008494307.31


Volume optimization completed:
Mesh overview:
  Vertices: 1173
  Edges:    664
  Surfaces: 2376
  Volumes:  3674
Mesh generation completed.
  InitialMesh2 hash: [2371214009252054143] computed in 0.01s
Generated 3674 Tetrahedra, 8218 Surfaces, 1025 Points
Timing information

Em_Create_Mesh in workingDir	

  Combine

    ObjectStatistics
	0.0008623

    Premesh
	0.0217524

    MergeObjects
	0.0031149

    CleanObjects
	0.0176958

    CellInformation
	0.000735

    CombineUnionRecursive
	0.0174605

    CleaningTopology
	0.0007219

    CombineRepairAndCheck
	0.0042984

    CombineGapTightening
	0.0021847

    PreFacetting
	9.86e-05

    AttachCt
	9.8e-05

    CtVolumesAreas
	0.0024704

    CtAreas
	0.0003912

    Combine_CTIDCreation
	0.0006702

    Combine_SaveSat
	0.0051629

    CreatingColorCodingCache
	2.43e-05

  Combine	0.0975118

  GenerateMesh

    AssignMaterialsPrepare

      AttachCt
	0.0001031

      CtVolumesAreas
	0.0009427

      CtAreas
	0.000375

      CreateFaceDesc
	0.0019399

    AssignMaterialsPrepare	0.0034098

    GenerateMesh_hEstimation

      GenerateMesh_hBySurfaceCurvature
	0.0003923

      GenerateMesh_hHotSpots
	7.7e-06

      GenerateMesh_hHighAspect
	0.0054435

      GenerateMesh_hInVolumes
	4.6e-05

      GenerateMesh_FEM_MESHER_restrictHAroundPorts
	0.0001141

    GenerateMesh_hEstimation	0.0061194

    GenerateMesh_mesh_prepare

      GenerateMesh_meshEdges

        InsertVertices
	8.42e-05

        RestrictHEdgeCurvature
	0.0005861

        RestrictHVertexCurvature
	0.0002909

      GenerateMesh_meshEdges	0.0816775

      GenerateMesh_meshFaces

        2DMesh

          AddFaceDescriptor
	0.0030518

        2DMesh	0.491423

        AssignSurfaceAreas
	0.0002483

        Optimize2DMesh

          FaceOptBlock

            FaceOptBlock

            FaceOptBlock	0.0007687

            FaceOptBlock

            FaceOptBlock	0.0087153

            FaceOptBlock

            FaceOptBlock	0.0104317

            FaceOptBlock

            FaceOptBlock	0.0183512

            FaceOptBlock

            FaceOptBlock	0.0632832
	0.0451572

        Optimize2DMesh	0.146714

      GenerateMesh_meshFaces	0.640373

    GenerateMesh_mesh_prepare	0.722093

    GenerateMesh_volumeMeshing

      CompressMesh
	0.0010968

      CheckBoundaries

        BuildTree
	8.6e-06

        CheckConsistentBoundary
	0.0082739

      CheckBoundaries	0.0085993

      MeshVolume

        MeshDomain
	0.34123

        MeshDomain
	0.201803

      MeshVolume	0.544408

      RemoveIllegalElements
	0.0035602

      GenerateMesh_quality
	0.0044327

      GenerateMesh_optimizeVolume
	0.381721

    GenerateMesh_volumeMeshing	0.944126

  GenerateMesh	1.67812

  SaveMeshOvm
	0.133662

Em_Create_Mesh in workingDir		1.98002
