host name                   : MATDDM-PC
# available physical cores  : 4
RAM [GByte]                 : 15.8 GB
MKL version           : 2023.0.1
CONFIGURATION non-default values:

                                        Actual             Default
------------------------------------------------------------------
  FEM_MESHER_SHOW_PROGRESS                 OFF                    
  
  

  1. setup                                          : etime=00:00:00.6    ctime=00:00:00.5    rss= 30.043 Mbyte     virtual= 21.367 Mbyte     
     1. loading mesh                                : etime=00:00:00.4    ctime=00:00:00.3    rss= 29.602 Mbyte     virtual= 21.367 Mbyte     
        1. reading ovm-file                         : etime=00:00:00.3    ctime=00:00:00.3    rss= 25.605 Mbyte     virtual= 17.613 Mbyte     
     2. setup of local problems for iwp             : etime=00:00:00.0    ctime=00:00:00.0    rss= 29.602 Mbyte     virtual= 21.367 Mbyte     
     3. loading circuit components                  : etime=00:00:00.0    ctime=00:00:00.0    rss= 29.602 Mbyte     virtual= 21.367 Mbyte     
        1. reading current sources from calcbridge  : etime=00:00:00.0    ctime=00:00:00.0    rss= 29.602 Mbyte     virtual= 21.367 Mbyte     
        2. building current sources for waveguide ports: etime=00:00:00.0    ctime=00:00:00.0    rss= 29.602 Mbyte     virtual= 21.367 Mbyte     
        3. connectivity check                       : etime=00:00:00.0    ctime=00:00:00.0    rss= 29.602 Mbyte     virtual= 21.367 Mbyte     
           1. legacy FindImpedanceLinePathsForIWG [TO BE OBSOLETED]: etime=00:00:00.0    ctime=00:00:00.0    rss= 29.602 Mbyte     virtual= 21.367 Mbyte     
              1. find impedance line paths          : etime=00:00:00.0    ctime=00:00:00.0    rss= 29.602 Mbyte     virtual= 21.367 Mbyte     
     4. assigning unknowns                          : etime=00:00:00.0    ctime=00:00:00.0    rss= 29.602 Mbyte     virtual= 21.367 Mbyte     
        1. LFenhance                                : etime=00:00:00.0    ctime=00:00:00.0    rss= 29.602 Mbyte     virtual= 21.367 Mbyte     
           1. LFenhance                             : etime=00:00:00.0    ctime=00:00:00.0    rss= 29.602 Mbyte     virtual= 21.367 Mbyte     
     5. setup circuit components                    : etime=00:00:00.1    ctime=00:00:00.1    rss= 30.043 Mbyte     virtual= 21.367 Mbyte     
        1. line paths + line integrals              : etime=00:00:00.1    ctime=00:00:00.1    rss= 30.043 Mbyte     virtual= 21.367 Mbyte     
           1. node2cell connectivity                : etime=00:00:00.0    ctime=00:00:00.0    rss= 29.602 Mbyte     virtual= 21.367 Mbyte     
           2. edge2cell connectivity                : etime=00:00:00.0    ctime=00:00:00.0    rss= 29.883 Mbyte     virtual= 21.367 Mbyte     
        2. FindPortCalibrationInductances           : etime=00:00:00.0    ctime=00:00:00.0    rss= 30.043 Mbyte     virtual= 21.367 Mbyte     
           1. setInductance                         : etime=00:00:00.0    ctime=00:00:00.0    rss= 30.043 Mbyte     virtual= 21.367 Mbyte     
        3. iwp                                      : etime=00:00:00.0    ctime=00:00:00.0    rss= 30.043 Mbyte     virtual= 21.367 Mbyte     

  2. symbolic matrix setup                          : etime=00:00:00.1    ctime=00:00:00.2    rss= 41.965 Mbyte     virtual= 40.625 Mbyte     

  3. iwp                                            : etime=00:00:00.0    ctime=00:00:00.0    rss= 41.965 Mbyte     virtual= 40.625 Mbyte     

  4. Frequency 1 kHz                                : etime=00:00:00.8    ctime=00:00:02.1    rss=113.234 Mbyte     virtual=215.871 Mbyte     
     1. constructing matrix                         : etime=00:00:00.2    ctime=00:00:00.5    rss= 42.992 Mbyte     virtual= 41.551 Mbyte     
        1. 1d                                       : etime=00:00:00.0    ctime=00:00:00.0    rss= 42.551 Mbyte     virtual= 41.551 Mbyte     
        2. 2d                                       : etime=00:00:00.0    ctime=00:00:00.1    rss= 42.992 Mbyte     virtual= 41.551 Mbyte     
     2. setup direct solver PARDISO (LU-factorization): etime=00:00:00.6    ctime=00:00:01.5    rss=111.047 Mbyte     virtual=214.637 Mbyte     
     3. constructing excitation (19396 x 2)         : etime=00:00:00.0    ctime=00:00:00.0    rss=111.645 Mbyte     virtual=215.168 Mbyte     
     4. direct solve (backsubstitution)             : etime=00:00:00.0    ctime=00:00:00.1    rss=112.547 Mbyte     virtual=215.785 Mbyte     

  5. Frequency 5.334 MHz                            : etime=00:00:00.5    ctime=00:00:01.4    rss=114.270 Mbyte     virtual=216.609 Mbyte     
     1. constructing matrix                         : etime=00:00:00.3    ctime=00:00:00.8    rss=114.270 Mbyte     virtual=216.609 Mbyte     
        1. 1d                                       : etime=00:00:00.0    ctime=00:00:00.0    rss=113.262 Mbyte     virtual=215.887 Mbyte     
        2. 2d                                       : etime=00:00:00.1    ctime=00:00:00.1    rss=114.270 Mbyte     virtual=216.609 Mbyte     
     2. setup direct solver PARDISO (LU-factorization): etime=00:00:00.1    ctime=00:00:00.4    rss=114.270 Mbyte     virtual=216.609 Mbyte     
     3. constructing excitation (19396 x 2)         : etime=00:00:00.0    ctime=00:00:00.0    rss=114.270 Mbyte     virtual=216.609 Mbyte     
     4. direct solve (backsubstitution)             : etime=00:00:00.0    ctime=00:00:00.1    rss=114.270 Mbyte     virtual=216.609 Mbyte     

  6. Frequency 10.667 MHz                           : etime=00:00:00.3    ctime=00:00:01.0    rss=114.402 Mbyte     virtual=216.617 Mbyte     
     1. constructing matrix                         : etime=00:00:00.1    ctime=00:00:00.5    rss=114.402 Mbyte     virtual=216.617 Mbyte     
        1. 1d                                       : etime=00:00:00.0    ctime=00:00:00.0    rss=114.270 Mbyte     virtual=216.609 Mbyte     
        2. 2d                                       : etime=00:00:00.1    ctime=00:00:00.1    rss=114.402 Mbyte     virtual=216.617 Mbyte     
     2. setup direct solver PARDISO (LU-factorization): etime=00:00:00.1    ctime=00:00:00.5    rss=114.402 Mbyte     virtual=216.617 Mbyte     
     3. constructing excitation (19396 x 2)         : etime=00:00:00.0    ctime=00:00:00.0    rss=114.402 Mbyte     virtual=216.617 Mbyte     
     4. direct solve (backsubstitution)             : etime=00:00:00.0    ctime=00:00:00.1    rss=114.402 Mbyte     virtual=216.617 Mbyte     
