24.269418271257347
22.347046914938112
20.331923930374835
19.868978841338972
19.811898822625032
19.050380301381939
18.49741677458702
17.502557798159092
16.944247016084894
16.791664070509437
16.200357363390488
16.148829638478539
15.929811182532793
15.880388539183945
15.694697479649173
15.62598030847146
15.088997427984303
14.834821100953445
14.714177308107644
14.701390335381877
14.605018292835155
14.526692511136803
14.309266533739303
14.305224200845265
14.175514203388126
13.795674977029282
13.790255194769287
13.662341287442265
13.630429942922435
13.630075325566475
13.395457391119189
13.344968892771302
13.006253397369555
12.989360063925856
12.648144128676531
12.490733434098088
12.33772997415093
12.251364266226119
12.079507626356531
11.823912763368877
11.724822700826717
11.63607080701127
11.215558923955385
11.172897717341739
11.112943124439331
10.94324638909278
10.819322543819331
10.817024362403581
10.80236108530778
10.641964534296443
10.57896264303943
10.001656483643425
9.8761113613988734
9.8276198043796619
9.601246867525278
9.5343072097244157
9.4653739000373989
9.4422588060712016
9.3790157305501367
9.1750552546192168
9.1705144315161284
9.0016540390855599
8.9914267953407983
8.9811616535438947
8.8667655750166414
8.8069633890960457
8.6855864878271642
8.5957739506723563
8.5299425784024834
8.3476938664040414
8.2256882966028542
8.1918302578769797
8.1790470204960837
8.1529442935394485
8.1445795517123081
8.1210625542056754
8.1200680210781968
8.1071256241296581
7.9078609132961422
7.8789881188920416
7.7696610855405295
7.7433192866241844
7.659336415813093
7.6078756996106103
7.6073657443686038
7.5919321931898756
7.5087001456710665
7.4766511235596766
7.3730597626392376
7.3455295272246737
7.3235293615359849
7.3224535797313308
7.2554814093479951
7.1536634954772511
7.1476784817542693
7.1154049309495502
7.000313719912282
6.9237875963362194
6.8561931208756315
6.7765282820294424
6.7732948350754709
6.6995387825116302
6.6956703089485483
6.6946087437618509
6.6146064128791959
6.5974951384125138
6.5846589244180267
6.5464773757392036
6.5219263730920911
6.4980803551656336
6.4945854259563971
6.4820648658792903
6.4815892276353697
6.4746548737318346
6.367662138848182
6.352559221383113
6.2942552327501158
6.2809180943678751
6.2232252118641913
6.2186691680671053
6.1961223588162539
6.1731242377876727
6.0230082949862078
6.0088424202901676
5.9620736470794382
5.9248493179272392
5.9235980553236267
5.8721155969074585
5.8467085427267236
5.8394808108657283
5.7691908032073123
5.7538786379986515
5.5772234029515984
5.5402131572823823
5.5390198821334966
5.4764170047047713
5.3791112087521462
5.3592190248830054
5.2835800964553972
5.2441203725857557
5.2419161947785833
5.2353760744976077
5.2340347095277284
5.2313256728322992
5.2127126852094809
5.179751967554961
5.1462151762537047
5.0698362909383432
5.0628578378172984
5.0618455340068529
5.0469106194042963
4.9978334619320179
4.9719311460340023
4.9564011167876263
4.936249362681103
4.8777173605984565
4.8528748412546365
4.8313944613226401
4.7906695156072212
4.7834304468541413
4.783179548708028
4.7716214286952541
4.7546590959757848
4.736188924809464
4.7351622560829547
4.7347382916290242
4.7319413290469239
4.6968356697395741
4.69088374945445
4.683449148724371
4.6672129037132759
4.6632955912353466
4.6538965057234654
4.6445684426752862
4.6342397357828853
4.556366203403905
4.553419325762782
4.551239929363267
4.5493959212209436
4.5418616054734038
4.5287669518196942
4.52093371891781
4.5010647385928815
4.4993431178270367
4.4789927034333639
4.4719288966890778
4.4647738975624183
4.4283354639779908
4.418519240566475
4.3925843886883857
4.3717486959815792
4.3715078412279285
4.3511939967436195
4.284452080325809
4.2702138287544518
4.2665955345557469
4.2604044627851358
4.2429651942333324
4.2321849568651828
4.1783456257658207
4.1592618617445511
4.1502055838898944
4.1428920322875351
4.1415715079861624
4.1167411795429736
4.0823312488167902
4.0719738229876894
4.0573199417180232
4.0555094002920935
4.0527553648849635
4.0304160394549067
4.0285825029314193
4.0135709430861084
4.001261919509937
3.9743453227918089
3.956712759352059
3.9452370779111483
3.9414701070972442
3.9392752682623908
3.9351240545751263
3.9306512884510503
3.9198952093467634
3.9177988458832766
3.9082360031736894
3.9022460389368372
3.8863918187974869
3.8858845811618385
3.8776598942315155
3.843921481625427
3.8430884917300991
3.8334235155086538
3.8237280892923344
3.810695381901458
3.8000705521792177
3.7946428466584479
3.7884325543096731
3.7693502458442905
3.7686439896905535
3.7568046060566571
3.7530348530079323
3.7469919380862464
3.74587715292046
3.744903531507016
3.732144827051767
3.7222786155544227
3.7127160125448997
3.7093292958728719
3.7087856373450676
3.6958450125705942
3.6958280983337977
3.6838184163018388
3.6779124361470759
3.6643976685930846
3.6599916991025161
3.6596299146533275
3.6387055926373999
3.6367655411688911
3.6061672545181667
3.605484094916009
3.5994529868779508
3.5977105519272357
3.5937031260292542
3.5766159954453545
3.5737939951345403
3.5691693110070157
3.568629977857388
3.561816665282274
3.5538426799755833
3.5220249196379307
3.4998316688881141
3.496241594546293
3.4866124911149234
3.4837326028395261
3.4836321562875754
3.4779972441611235
3.4694319973492997
3.458488265378366
3.4487051927602144
3.4340155134971067
3.4305391820799973
3.4197954774173587
3.4086564049667203
3.4065032744828359
3.3951290331536175
3.3748404180034783
3.3716555843269549
3.3539293535522825
3.3497162978946111
3.3374322194228156
3.3353406305819711
3.3270503268953489
3.3246472128613433
3.3140528114700119
3.2951291477689444
3.2570020832000681
3.2382796614762288
3.2291174675216019
3.2225384126208771
3.2090729548708734
3.2080853747719833
3.186063843019137
3.174575970064252
3.1653578083286278
3.1596882495734202
3.1589900745139219
3.1527815693967991
3.1494570688713135
3.1439286715428358
3.1410664377232984
3.1155686690582072
3.1043960236328498
3.100602813819811
3.0744227712782672
3.0549434137904479
3.051149778714541
3.0377921788858853
3.0328587274992707
3.0142181503622894
3.0075698545528349
2.9448367475593451
2.9438811891334558
2.9206448786990258
2.9100889279351909
2.9030820832398572
2.8961196457824485
2.8922572294811184
2.8903827910909481
2.872547160114113
2.8599879490382336
2.8563930896086442
2.8554303859181323
2.8423001189663077
2.8359500047097606
2.8338017037882537
2.8247768322595039
2.8097041187369172
2.804577666263536
2.8019791112396617
2.7986388287326323
2.7939466682372083
2.7933872769929797
2.7886107902310266
2.7873567503240877
2.7699089023282251
2.7676711863372723
2.7533948869117895
2.7510221552955403
2.7463971393566147
2.7457578738486048
2.742189656881775
2.7396070886084884
2.7390540234995453
2.7373713680972602
2.7349918889149318
2.7240515251321766
2.7055783044954458
2.7010169416695726
2.6845479599061846
2.6802321772337216
2.6793142087283375
2.6631078894643436
2.6548021012350316
2.6438173571032313
2.6376065967729305
2.6115003479044621
2.6078899298822176
2.6061843149448576
2.5937215849584261
2.5782071513124616
2.5739832788192829
2.5725463258201402
2.571244203205012
2.5670847697124346
2.5608173751320891
2.5607597473437571
2.5550655581464166
2.5536886674385801
2.5494482761771913
2.5445257133213759
2.5413540100052359
2.538243177855533
2.5380711263019426
2.5324349198172786
2.5282671908203378
2.5270121198335085
2.5222029471014773
2.513201313364632
2.5128632119275141
2.5034025372358282
2.4792898726821475
2.4790648170564213
2.4786312873690277
2.4784185172594753
2.477269356745627
2.4733165382158622
2.4704009046858442
2.458596333658539
2.454914268531919
2.4523869332140178
2.4518702879042551
2.448342442840004
2.4459777703561634
2.444197827328543
2.4385469012512324
2.4361543732813451
2.4276743319076513
2.4264074526656216
2.4211327133138303
2.4088503256016391
2.4004681805441419
2.3840386841891581
2.3796560251071694
2.3717570088488205
2.3646931151635977
2.3631968197943292
2.3630562586611639
2.361660557686724
2.3605524591698686
2.3538067555597557
2.3517897567815398
2.3492304712162353
2.3410496588713094
2.3394995381052199
2.3306947598561267
2.3301529707803503
2.3116923507548992
2.3081594007809176
2.3022196370534083
2.3008689327231835
2.3001783387943395
2.2951922914975245
2.2950926560475353
2.2935922622021732
2.2848754569267653
2.2780259046307307
2.2727046180058954
2.2678995800298023
2.2626437736909923
2.2574060950329025
2.253583036852278
2.2430686612379103
2.2322876387543711
2.2296752533473043
2.2289780380522259
2.2221710083887061
2.2116248746145875
2.211116909655205
2.2063059003791827
2.2058685736360708
2.1972422459352532
2.1966601402495209
2.1958959172683539
2.1956829588464513
2.1945165120954888
2.1871330226278531
2.177041444694054
2.1767336083035156
2.1713861878035798
2.1663235258673628
2.1458593041700635
2.138578116622416
2.1382503927795855
2.1360313740785468
2.1314461254001005
2.1309854418278742
2.1180992280958697
2.1172123795718676
2.1044913507108487
2.0997988113829753
2.0988557410590185
2.0975689177831942
2.094915348718609
2.0936830458568707
2.0904447361223064
2.0902783114500281
2.0869854588551009
2.086393086682214
2.0850357987139065
2.0801053214032308
2.0793026946004596
2.0771205255724356
2.0757785632127193
2.0670842657046049
2.0650055826849685
2.0638587027757138
2.0634864329897895
2.061943435171357
2.0618853818424627
2.0612641954774351
2.0610199492742756
2.0592346506240853
2.0573232473900669
2.0485747023459071
2.0463033519265363
2.0461011549089747
2.0419535003882525
2.0385443945900557
2.03146251658502
2.022494823614406
2.0198084277095769
2.0158702616864899
2.0156348794456029
2.006282852571573
2.0058442788513808
2.0004791233986978
1.9965430798579253
1.9959751920381479
1.9927377779598667
1.9902303457876849
1.9884339074950468
1.9863011669829052
1.982349378014675
1.9794201011573
1.9777804630176914
1.9777189427520574
1.9721686006009029
1.9692799115032396
1.9609197682712416
1.9565942422267351
1.952245456269633
1.945159585258718
1.94490313939054
1.943945372100383
1.9390450155994063
1.9371625628438074
1.9350927730210796
1.9346351019476407
1.9334605781937058
1.9326638605960016
1.9304237624932277
1.9298197994605939
1.9168508235246131
1.9126047817719631
1.9043084522881299
1.8979548322887632
1.8932076998116047
1.8920437032042547
1.8605155519100172
1.8596328437022249
1.8586079383859793
1.8500897463853305
1.8499655140708493
1.8478279560341735
1.8462025978464793
1.8449653764553249
1.8397888656147017
1.8382943636671465
1.8382453876943343
1.835113205194457
1.8310285392781507
1.814307561835351
1.8141874934097812
1.8121002528822034
1.8086177971768838
1.8079954639515929
1.8017487701630357
1.798833066711637
1.7982693781920878
1.7923777851426774
1.7880526631097902
1.7836628406021127
1.7802545437089934
1.7802195623170636
1.7712272387995145
1.7699273354965588
1.7669242487200219
1.7617386733978042
1.7609307961074039
1.7606559866128348
1.7534307215406193
1.7513112318429418
1.7499178282497239
1.7475536261699141
1.7428776587750505
1.7420321261129113
1.7390336955310357
1.7367599858177549
1.7327043511290809
1.7315951514615764
1.7244971508716198
1.7174438189083145
1.7153797534475701
1.7138756092543082
1.7118609368966047
1.697987926342291
1.6941654855558452
1.692588572673176
1.6918702031652679
1.6901040286302467
1.6873767653077849
1.6862180369128805
1.683836260397265
1.6803951229942096
1.6756448745038812
1.6703796764708845
1.6687787216109939
1.665623734549758
1.664479774839793
1.6628989143607664
1.6584662390540688
1.6553430160671689
1.6519029588267118
1.6480108102416395
1.6479455904438001
1.6449137814339936
1.6445706502154205
1.6430154795935195
1.6351110690039674
1.6340022461937549
1.6325770244097793
1.6325543821963227
1.6249020648851122
1.6239279222984448
1.6225041152852271
1.6206990301541393
1.6188493903474628
1.6187661149320511
1.61816929411126
1.6167493075319748
1.6162755462818463
1.613629196975779
1.6121971215427233
1.609890294267625
1.6040687627183918
1.6038469680371883
1.6024852555961593
1.6013568487642786
1.6006433880929971
1.5909132558760131
1.588113941503869
1.5851673820496008
1.5832568036481955
1.5808539291909458
1.5779134280564595
1.5757162234177833
1.5718155485711596
1.5691014282178024
1.5684680972339118
1.5613212367038019
1.5609413535411718
1.560023310109103
1.5563316570203687
1.5521471070960855
1.5492666845150809
1.5400557430675457
1.5382755741172212
1.5370951607621348
1.5340938472428673
1.5336593249167785
1.5332386501164526
1.5289719746679389
1.5281697499535385
1.5252537847603647
1.5240956809747233
1.5187689853468509
1.5176682549078115
1.5067487471813013
1.5060114391979926
1.5035339891812389
1.5004479399140322
1.4963436624563526
1.4855460414087085
1.4848718242318988
1.4833608963056182
1.4830917075945855
1.4821360034909681
1.4814122833993184
1.4793085494944445
1.4779895865615988
1.4766765861629383
1.4738136027500008
1.4730386233278043
1.4720059864114079
1.4716950248986329
1.4706482059910322
1.470028077367606
1.4686806801823034
1.4641706505733496
1.4543125643762531
1.4523913073991905
1.4480891057501386
1.4456497331865332
1.4413888049921084
1.4397259091274468
1.435940823117086
1.4348601110978323
1.4339364012174198
1.4335098113488214
1.4334414608192194
1.4333762934048573
1.4289995411602812
1.4270707710748458
1.4267611882210098
1.4224269816325203
1.4216765993987599
1.4213724257472555
1.4207838059454359
1.4161026845238167
1.4160739310546759
1.4155801269028416
1.4147667970417774
1.4131832110735052
1.4114057093850048
1.4074923244882942
1.398961440456578
1.3956551747346491
1.3930296107318763
1.3920046673896243
1.3870662386142192
1.3865774394330992
1.3811521308357451
1.3809612820588741
1.3769087577578869
1.3748845179719114
1.3699077996306954
1.360459931835913
1.3596344674338765
1.3548314400919685
1.3518814142315689
1.3417028109488502
1.3414598342097315
1.338421872741653
1.3376390672082381
1.3373959148257837
1.3367823784859849
1.3362561171848615
1.3349627269280864
1.3346671510709041
1.3276431971934473
1.3273032447359632
1.3251572236656186
1.3226930255113518
1.322645096548871
1.3222523270490565
1.3152583449272377
1.3151888560434433
1.3122724741406049
1.3100226801930368
1.3099761229044176
1.3074054864862419
1.3067980949246725
1.3061495824719613
1.2993733189162977
1.295994421339826
1.2942093577358864
1.293584920291202
1.2900936925572446
1.2873881200125623
1.2873095032821886
1.2862481685552134
1.2845991250949911
1.2837329577151269
1.2827712452749811
1.2817160711334024
1.2808920553308654
1.2799237005484609
1.2796344799746178
1.2763029011037441
1.2762243995547651
1.2722910257661773
1.2703055135948704
1.2681587932206775
1.2646128509731218
1.2639898910497971
1.2633407312358103
1.26027381371303
1.2562356561058363
1.2558051311436311
1.2549479967081192
1.2541046504045363
1.2479371893591473
1.2459862827058574
1.2394401275444085
1.2392122260747283
1.2387871204929182
1.2361209155081909
1.2352176339258243
1.2263593290281667
1.2263397401093798
1.2254184611213108
1.2247151699844672
1.2204609148877648
1.2189884251561005
1.2176754559545806
1.2173341105715145
1.2169199324304254
1.2159453514130409
1.2155665783463301
1.2120214624113668
1.2100381493470478
1.2090470525887895
1.2041646660106424
1.1933947921500363
1.1918174177769327
1.1901395926781018
1.1894414637348569
1.1856365683078072
1.185023407952229
1.1829493383050187
1.1822284552901159
1.1816209075329163
1.1804904288449631
1.1794184329750868
1.1770584673440783
1.1766598223120883
1.1723972717535736
1.1697525376433948
1.1648469773214087
1.1619304380274111
1.1604715569533512
1.1583572729534537
1.156875131504278
1.1563979755022664
1.1560430140476332
1.154192115768609
1.1494263315338731
1.1491282694001883
1.1477838322494411
1.1456780003643996
1.1455988806717865
1.1410191219404524
1.1382294009898224
1.1354421205379683
1.134205612452964
1.1316314593044769
1.1312571127614885
1.1305547384688936
1.1292618268399803
1.1289715863905474
1.1284177966962965
1.1270060126930854
1.1211969239389035
1.1209968797705629
1.1194966131958313
1.1183888112789251
1.1152506754404059
1.1129689437894925
1.1113746417350496
1.1103349518976406
1.109942346821611
1.1064709218138737
1.1063476328049664
1.1062003740096047
1.1045415713657798
1.1028092156688447
1.1018856466564841
1.1016873296608394
1.095699473566258
1.0937385740620611
1.0922426438587296
1.0920050980797875
1.0900535841240231
1.08877538016992
1.0862226179475412
1.0823243813578085
1.0785328540614936
1.0784342669602447
1.076984961492282
1.0742245466245772
1.0664702238223733
1.065774576085974
1.0648987371387966
1.0644116821800604
1.0629168312396278
1.0610137009214713
1.0576057641872361
1.0564284033787739
1.0538617033610491
1.0531099725178563
1.0514467739631652
1.0501053106772471
1.0496549332622971
1.0475077304440705
1.0436427852865167
1.043551838050057
1.0427615118651423
1.0417571071393696
1.0406145610687045
1.0384226173167017
1.0361974911524747
1.0358059477549657
1.0356363675378546
1.0345430209605901
1.0332357908549479
1.0323060423263977
1.0317990579639427
1.028235260518868
1.0281910452457623
1.0273183128294148
1.0245195293483094
1.0244601073319684
1.0228812334113182
1.0228553107381166
1.0222414585883124
1.0210173462774483
1.0204860260900384
1.0204228350844093
1.0187854013556552
1.0174966620755386
1.017429879004901
1.0162916833007609
1.0158585940933829
1.0157578781152223
1.0154028130366022
1.0153158558834683
1.0119407314567204
1.0098264878008381
1.0067368001339119
1.0060368022554453
1.0020433682092056
1.001959095254908
1.0008294041734156
0.99802188740952735
0.99598503913814718
0.99234366969992016
0.99204542465280954
0.98880748493508963
0.98853104391025359
0.98813690894908501
0.98797529338182499
0.9859195547913665
0.98557464076625745
0.98482268277840379
0.98300068725940426
0.98293163201750988
0.98290106232055163
0.98209919162618875
0.98203176864673469
0.98123669522357992
0.9808260465539389
0.97847960957821634
0.97647548155645481
0.97320267686712947
0.96980995614395549
0.96428553927941141
0.96255763698606323
0.95911556721782698
0.95835787706339426
0.95350429630152733
0.95092959253815412
0.94642467570962685
0.94641921984243227
0.94631178209921285
0.94492992224857564
0.9447625411160897
0.9412689724110157
0.94124653443724815
0.93964232066386433
0.93777889135271519
0.93311847626502109
0.93145097480082528
0.93037045056089529
0.92837883816226729
0.92735960799362083
0.92724567610146369
0.92330324479171177
0.9194837493914646
0.91771788299527579
0.917595702716545
0.91186311259904895
0.9118509128246558
0.91125325035794003
0.91095068787236377
0.91081763397627158
0.90731411166045184
0.90523331467750834
0.9037502651172894
0.90354505914200267
0.90301261283497325
0.90249235703526776
0.90126021642514709
0.89689866363370063
0.89656929798663565
0.89605367978030193
0.8952204436676493
0.89346311030517578
0.89278841491481831
0.89263079541980472
0.88829615037867093
0.88770108376978885
0.88613112814508121
0.88562962985164329
0.88499437624075594
0.88373075310100313
0.88350711594057618
0.88064307732583047
0.88014941965285987
0.87991864772405026
0.87863533369259272
0.87740784810583727
0.87682912478911745
0.87624491287116313
0.87518977975348689
0.8724005064977064
0.87143586483944135
0.86688221166086954
0.86374776844742363
0.86261230497939201
0.85866059501644942
0.85850834584115332
0.85773747212539309
0.85747177400304364
0.85625728795108269
0.85480285541847834
0.85291284479217655
0.85111860825807051
0.84942060832699029
0.84484963806142288
0.84143649768506124
0.83768607792355476
0.83746619794746424
0.83744138213949038
0.83683813456970257
0.83274421017162026
0.83233366092564331
0.8312319102612471
0.83032212829625751
0.82841720659553653
0.82357637669765127
0.82212232554630471
0.81881736657527338
0.81725016179248411
0.81612763454434789
0.81463780846091927
0.81287551741335928
0.81174267174433279
0.81014903688839679
0.80979210208853403
0.80972110580913426
0.80957785717137298
0.809124734470971
0.80865976864105904
0.80626836476681008
0.8046539882475614
0.80423033666650046
0.80409877720837397
0.80232629142811507
0.80029186733763624
0.79942489999615052
0.79731604908155917
0.79480737796176903
0.79301105857873844
0.79206533241039523
0.79138713533325789
0.7905844419764998
0.78976435109488441
0.789240024943197
0.78888189130617592
0.78878974418504322
0.78787901696228646
0.78574705481293294
0.7844819526767044
0.7829738778757358
0.78118447191272489
0.78110217252107705
0.7785258119746008
0.77840579145106459
0.77740404118767614
0.77688290316369546
0.77688014226227309
0.77656986781914361
0.77546903955220714
0.7753791236511568
0.77464192439511326
0.7732092839372614
0.77083050553120169
0.77058394468620772
0.76883264875275303
0.76746147358237249
0.76353305393795656
0.76339089567793439
0.76288850133294739
0.76267391942448881
0.76210798193569895
0.76158707481785914
0.75996060656981013
0.75837794967986649
0.75767933791161735
0.75705889129678272
0.7530474394468768
0.75296377270586801
0.75212478178536279
0.75129156030263811
0.75086557387733921
0.75009501707564863
0.7491520677471134
0.7487034786789436
0.74690715623026349
0.74670695595065728
0.74608993477379171
0.74336447548136253
0.7420563611252734
0.74170834501549632
0.74138697355422345
0.74117108408595733
0.73952132027054307
0.73859449989940151
0.73591595999166959
0.73583964694476178
0.73583880125303325
0.7332309785070209
0.73073358072994621
0.73064326670690249
0.72915623667227225
0.7281996828642685
0.72748699989972987
0.72727506901183769
0.72655253621668969
0.72641702717355261
0.72633880153969477
0.72631837304635882
0.72529276015671706
0.72325364640038492
0.72324324034053855
0.72171735008013083
0.7216630951526084
0.72165253602060675
0.71951188884657935
0.71712865191060837
0.7156899974613814
0.71454573203094018
0.71439350520246192
0.71437094321910211
0.71338713206491733
0.71324609790554694
0.71232995001068533
0.71141063277602035
0.71010313106668443
0.70927716959757037
0.70709344134936081
0.70545578763430161
0.70451912144436701
0.70319643344707827
0.69938386617243187
0.69911040727877249
0.69805896265283274
0.69665554115335071
0.69589368586170064
0.69543332688735737
0.69410227078334641
0.69193432777819486
0.69021738213603112
0.69004233437947315
0.68875193279885827
0.68848074898003375
0.68648481474539602
0.68478182551999367
0.68449621292865781
0.68442072452259251
0.68366292196459366
0.68264924455239118
0.68012689968860918
0.67988990050801268
0.67687764926570537
0.67619868446438547
0.67414380091121484
0.67390862340965152
0.67352269561279876
0.673292806838239
0.67249234123547508
0.66974549262117689
0.66915728387482187
0.66815361564324183
0.66781276551634372
0.66773058932408647
0.6655644069077612
0.65923037863393896
0.65910461097150019
0.65555928731655078
0.65511868581076416
0.65491339345487332
0.65468554673522805
0.65414490013290993
0.653728773489202
