License checkout took 0.075 sec
License checkout took 0.033 sec
Momentum MomEngine_64 2025.10.433 (*) built: Oct 23 2024
Copyright  1992 - 2024 Keysight Technologies
Simulation started on: Wed Mar 12 13:03:35 2025
Simulation Mode: uW
Substrate valid
Automatically determined a snap distance of
0.053 um for layout healing.
Layout simplification started
.........|.........|.........|.........| 
Layout simplification finished
Generating mesh at 26 MHz...
S-parameter simulation
S-parameter simulation started
...initializing
...expanding thick conductors
...extracting layout
...analyzing ports
...reducing mesh
Automatic selection: direct dense matrix solver
Using multi-threading (8 threads)
Matrix size: 405 (reduced: 227)
Simulation temperature: 298.15 K
Adaptive frequency sweep started
Simulation frequency [1] = 5 MHz
...loading Green functions
...creating Basis sections
...allocating interaction matrix
...loading interaction matrix
.........|.........|.........|.........| 
...solving interaction matrix
.........|.........|.........|.........| 
...calculating S-parameters
Simulation frequency [2] = 13.56 MHz
...loading Green functions
...loading interaction matrix
.........|.........|.........|.........| 
...solving interaction matrix
.........|.........|.........|.........| 
...calculating S-parameters
Simulation frequency [3] = 26 MHz
...loading Green functions
...loading interaction matrix
.........|.........|.........|.........| 
...solving interaction matrix
.........|.........|.........|.........| 
...calculating S-parameters
Adaptive:   0.0 % of frequency range covered
Simulation frequency [4] = 19.78 MHz
...loading Green functions
...loading interaction matrix
.........|.........|.........|.........| 
...solving interaction matrix
.........|.........|.........|.........| 
...calculating S-parameters
Simulation frequency [5] = 9.28 MHz
...loading Green functions
...loading interaction matrix
.........|.........|.........|.........| 
...solving interaction matrix
.........|.........|.........|.........| 
...calculating S-parameters
Adaptive: 100.0 % of frequency range covered
S-parameter simulation finished
Simulation finished on: Wed Mar 12 13:03:39 2025
The simulation results have been saved in dataset "antenna_triple20_layout_MomUW".
