==============================================================================

                  ------ MOMENTUM STATISTICS (RF mode) ------

              Momentum MomEngine_64 2025.10.433 (*) built: Oct 23 2024
                           Thu Feb 27 14:49:17 2025

==============================================================================


------------------------------------------------------------------------------
MESH
------------------------------------------------------------------------------
 Frequency          : 0.026 GHz

 Rectangular cells  : 2
 Quadrangular cells : 8
 Triangular cells   : 10
 Via cells          : 0

 Edge currents      : 23

------------------------------------------------------------------------------
SOLVER                        USER TIME      ELAPSED TIME      MEMORY         
PROCESSES                      (h:m:s)          (h:m:s)         (MB)          
------------------------------------------------------------------------------

SIMULATION SET-UP
-----------------
 Initialization           |     0: 0: 0   |     0: 0: 0   |     34.45   
 Ports analysis           |     0: 0: 0   |     0: 0: 0   |      0.00   
 Mesh processing          |     0: 0: 0   |     0: 0: 0   |      9.81   

 Matrix size : 124
 Reduced matrix size : 98
 Estimated process size is below 256.00 MB

 Simulation temperature : 298.15 K

1. SIMULATION FREQUENCY = 5 MHz 
-------------------------
 Green functions          |     0: 0: 0   |     0: 0: 0   |      1.14   
 Basis creation           |     0: 0: 0   |     0: 0: 0   |      2.07   

QUASI-STATIC CALCULATIONS
-------------------------
 Matrix load              |     0: 0: 0   |     0: 0: 0   |     17.62   
 Matrix load              |     0: 0: 0   |     0: 0: 0   |      0.00   
 Matrix solve             |     0: 0: 0   |     0: 0: 0   |      2.21   
 S parameters             |     0: 0: 0   |     0: 0: 0   |      0.03   

2. SIMULATION FREQUENCY = 13.56 MHz 
-------------------------
 Matrix load              |     0: 0: 0   |     0: 0: 0   |      0.52   
 Matrix solve             |     0: 0: 0   |     0: 0: 0   |      0.00   
 S parameters             |     0: 0: 0   |     0: 0: 0   |      0.00   

3. SIMULATION FREQUENCY = 26 MHz 
-------------------------
 Matrix load              |     0: 0: 0   |     0: 0: 0   |      0.00   
 Matrix solve             |     0: 0: 0   |     0: 0: 0   |      0.00   
 S parameters             |     0: 0: 0   |     0: 0: 0   |      0.00   
 Adaptive sampling        |     0: 0: 0   |     0: 0: 0   |      0.01   

4. SIMULATION FREQUENCY = 19.78 MHz 
-------------------------
 Matrix load              |     0: 0: 0   |     0: 0: 0   |      0.00   
 Matrix solve             |     0: 0: 0   |     0: 0: 0   |      0.00   
 S parameters             |     0: 0: 0   |     0: 0: 0   |      0.00   
 Adaptive sampling        |     0: 0: 0   |     0: 0: 0   |      0.00   

5. SIMULATION FREQUENCY = 9.28 MHz 
-------------------------
 Matrix load              |     0: 0: 0   |     0: 0: 0   |      0.00   
 Matrix solve             |     0: 0: 0   |     0: 0: 0   |      0.00   
 S parameters             |     0: 0: 0   |     0: 0: 0   |      0.00   
 Adaptive sampling        |     0: 0: 0   |     0: 0: 0   |      0.71   

------------------------------------------------------------------------------
TOTALS
------------------------------------------------------------------------------
 Nr of Frequencies   : 5 

 Physical memory :    68.63 MB
 Virtual memory  :    76.59 MB
 Page faults     :       17978
 User Time       :    0h 0m 0s
 Elapsed Time    :    0h 0m 0s

==============================================================================

