2024-12-18T14:38:40.449810  x_socket connecting
2024-12-18T14:38:40.470344  x_socket connecting
2024-12-18T14:38:40.473143 x_socket: {"data": {"status": "noop"}, "status": "ok"}
2024-12-18T14:38:40.727291 x_socket: {"data": {"status": "noop"}, "status": "ok"}
2024-12-18T14:38:40.997046 x_socket: {"data": {"status": "noop"}, "status": "ok"}
2024-12-18T14:38:41.252210 x_socket: {"data": {"jobId": "0", "type": "fg_determine_setup_data", "args": {"Iovm": "/level1/design.ovm", "Icalc": "/../../Run0001/project.input", "Igeo": "/../../Run0001/geometry.input", "lvldir": "level1"}, "status": "started", "data": [], "workerId": "1", "processed": 0}, "status": "ok"}
2024-12-18T14:38:41.252210 x_mode awaitExistence for: D:/Keysight/mdejeante/BE_PilotageRobot_ADS/BE_PilotageRobot_wrk/simulation/BE_PilotageRobot_lib/antenna_layout/layout/emSetup_FEM/proj.ep/Simulations/000001/emds_dsn/design/level1/design.ovm
2024-12-18T14:38:41.272026 x_mode awaitExistence end.
2024-12-18T14:38:41.272026 x_mode awaitExistence for: D:/Keysight/mdejeante/BE_PilotageRobot_ADS/BE_PilotageRobot_wrk/simulation/BE_PilotageRobot_lib/antenna_layout/layout/emSetup_FEM/proj.ep/Simulations/000001/Run0001/project.input
2024-12-18T14:38:41.272026 x_mode awaitExistence end.
2024-12-18T14:38:41.272026 x_mode awaitExistence for: D:/Keysight/mdejeante/BE_PilotageRobot_ADS/BE_PilotageRobot_wrk/simulation/BE_PilotageRobot_lib/antenna_layout/layout/emSetup_FEM/proj.ep/Simulations/000001/Run0001/geometry.input
2024-12-18T14:38:41.272026 x_mode awaitExistence end.
2024-12-18T14:38:41.272026 x_mode awaitExistence for: D:/Keysight/mdejeante/BE_PilotageRobot_ADS/BE_PilotageRobot_wrk/simulation/BE_PilotageRobot_lib/antenna_layout/layout/emSetup_FEM/proj.ep/Simulations/000001/emds_dsn/design/options.xml
2024-12-18T14:38:41.272026 x_mode awaitExistence end.
2024-12-18T14:38:41.272026 x_mode awaitExistence for: D:/Keysight/mdejeante/BE_PilotageRobot_ADS/BE_PilotageRobot_wrk/simulation/BE_PilotageRobot_lib/antenna_layout/layout/emSetup_FEM/proj.ep/Simulations/000001/emds_dsn/design/status.sqlite
2024-12-18T14:38:41.272026 x_mode awaitExistence end.
2024-12-18T14:38:41.272026 x_mode awaitExistence for: D:/Keysight/mdejeante/BE_PilotageRobot_ADS/BE_PilotageRobot_wrk/simulation/BE_PilotageRobot_lib/antenna_layout/layout/emSetup_FEM/proj.ep/Simulations/000001/emds_dsn/design/results.sqlite
2024-12-18T14:38:41.272026 x_mode awaitExistence end.
2024-12-18T14:38:42.025835 x_socket: {"data": {"status": "noop"}, "status": "ok"}
2024-12-18T14:38:42.279885 x_socket: {"data": {"jobId": "1", "type": "determine_cutoff_intervals", "args": {"minF": "0.000000000000000", "maxF": "16000000.000000000000000", "Iovm": "/level1/design.ovm", "Icalc": "/../../Run0001/project.input", "Igeo": "/../../Run0001/geometry.input", "lvldir": "level1"}, "status": "started", "data": [], "workerId": "1", "processed": 0}, "status": "ok"}
2024-12-18T14:38:42.282049 x_socket: {"data": {"status": "noop"}, "status": "ok"}
2024-12-18T14:38:42.549055 x_socket: {"data": {"status": "noop"}, "status": "ok"}
2024-12-18T14:38:42.806806 x_socket: {"data": {"jobId": "2", "type": "solve", "args": {"simdir": "f_1000.0", "Fsolve": "1000.000000000000000", "iterative_order": "2", "Iovm": "/level1/design.ovm", "Icalc": "/../../Run0001/project.input", "Igeo": "/../../Run0001/geometry.input", "lvldir": "level1"}, "status": "started", "data": [], "workerId": "1", "processed": 0}, "status": "ok"}
PROGRESS 26
PROGRESS 27
PROGRESS 28
PROGRESS 29
PROGRESS 30
PROGRESS 31
PROGRESS 32
PROGRESS 33
PROGRESS 34
PROGRESS 35
PROGRESS 36
PROGRESS 37
PROGRESS 38
PROGRESS 39
PROGRESS 40
PROGRESS 41
PROGRESS 42
PROGRESS 43
PROGRESS 44
PROGRESS 45
PROGRESS 46
PROGRESS 47
PROGRESS 48
PROGRESS 50
PROGRESS 51
PROGRESS 52
PROGRESS 53
PROGRESS 54
PROGRESS 55
PROGRESS 56
PROGRESS 57
PROGRESS 58
PROGRESS 59
PROGRESS 61
PROGRESS 63
PROGRESS 64
PROGRESS 65
PROGRESS 67
PROGRESS 71
PROGRESS 72
PROGRESS 74
PROGRESS 90
PROGRESS 100

 1. Frequency: 1 kHz      Unknowns:   19396
    Solver:  Direct threaded 64-bit
    CPU time: 00:00:03.2    Elapsed time: 00:00:02.3    Memory: 112.566 Mbyte 
2024-12-18T14:38:43.626914 x_socket: {"data": {"status": "noop"}, "status": "ok"}
2024-12-18T14:38:43.882094 x_socket: {"data": {"jobId": "3", "type": "solve", "args": {"simdir": "f_5334000.0", "Fsolve": "5334000.000000000000000", "iterative_order": "2", "Iovm": "/level1/design.ovm", "Icalc": "/../../Run0001/project.input", "Igeo": "/../../Run0001/geometry.input", "lvldir": "level1"}, "status": "started", "data": [], "workerId": "1", "processed": 0}, "status": "ok"}
PROGRESS 26
PROGRESS 27
PROGRESS 28
PROGRESS 29
PROGRESS 30
PROGRESS 31
PROGRESS 32
PROGRESS 33
PROGRESS 35
PROGRESS 36
PROGRESS 37
PROGRESS 39
PROGRESS 41
PROGRESS 42
PROGRESS 43
PROGRESS 44
PROGRESS 45
PROGRESS 46
PROGRESS 47
PROGRESS 48
PROGRESS 49
PROGRESS 51
PROGRESS 52
PROGRESS 53
PROGRESS 54
PROGRESS 55
PROGRESS 56
PROGRESS 57
PROGRESS 58
PROGRESS 59
PROGRESS 60
PROGRESS 61
PROGRESS 62
PROGRESS 63
PROGRESS 64
PROGRESS 65
PROGRESS 68
PROGRESS 69
PROGRESS 71
PROGRESS 72
PROGRESS 74
PROGRESS 90
PROGRESS 100

 2. Frequency: 5.334 MHz      Unknowns:   19396
    Solver:  Direct threaded 64-bit
    CPU time: 00:00:01.8    Elapsed time: 00:00:00.7    Memory: 114.270 Mbyte 
2024-12-18T14:38:44.364953 x_socket: {"data": {"jobId": "4", "type": "solve", "args": {"simdir": "f_10667000.0", "Fsolve": "10667000.000000000000000", "iterative_order": "2", "Iovm": "/level1/design.ovm", "Icalc": "/../../Run0001/project.input", "Igeo": "/../../Run0001/geometry.input", "lvldir": "level1"}, "status": "started", "data": [], "workerId": "1", "processed": 0}, "status": "ok"}
PROGRESS 26
PROGRESS 27
PROGRESS 28
PROGRESS 29
PROGRESS 30
PROGRESS 31
PROGRESS 32
PROGRESS 33
PROGRESS 35
PROGRESS 36
PROGRESS 37
PROGRESS 38
PROGRESS 39
PROGRESS 41
PROGRESS 42
PROGRESS 43
PROGRESS 44
PROGRESS 45
PROGRESS 46
PROGRESS 47
PROGRESS 48
PROGRESS 50
PROGRESS 51
PROGRESS 52
PROGRESS 53
PROGRESS 54
PROGRESS 55
PROGRESS 56
PROGRESS 57
PROGRESS 58
PROGRESS 59
PROGRESS 60
PROGRESS 61
PROGRESS 62
PROGRESS 64
PROGRESS 65
PROGRESS 67
PROGRESS 69
PROGRESS 71
PROGRESS 72
PROGRESS 74
PROGRESS 90
PROGRESS 100

 3. Frequency: 10.667 MHz      Unknowns:   19396
    Solver:  Direct threaded 64-bit
    CPU time: 00:00:01.0    Elapsed time: 00:00:00.3    Memory: 114.402 Mbyte 
2024-12-18T14:38:44.690281 x_socket: {"data": {"status": "noop"}, "status": "ok"}
2024-12-18T14:38:44.946962 x_socket: {"data": {"status": "noop"}, "status": "ok"}
2024-12-18T14:38:45.199740 x_socket: {"data": {"status": "exit"}, "status": "ok"}
