==============================================================================

                  ------ MOMENTUM STATISTICS (RF mode) ------

              Momentum MomEngine_64 2025.00.341 (*) built: Aug 19 2024
                           Thu Dec 19 13:02:41 2024

==============================================================================


------------------------------------------------------------------------------
MESH
------------------------------------------------------------------------------
 Frequency          : 0.05 GHz

 Rectangular cells  : 0
 Quadrangular cells : 21
 Triangular cells   : 0
 Via cells          : 0

 Edge currents      : 38

------------------------------------------------------------------------------
SOLVER                        USER TIME      ELAPSED TIME      MEMORY         
PROCESSES                      (h:m:s)          (h:m:s)         (MB)          
------------------------------------------------------------------------------

SIMULATION SET-UP
-----------------
 Initialization           |     0: 0: 0   |     0: 0: 0   |     32.15   
 Ports analysis           |     0: 0: 0   |     0: 0: 0   |      0.00   
 Mesh processing          |     0: 0: 0   |     0: 0: 0   |     26.00   

 Matrix size : 210
 Reduced matrix size : 150
 Estimated process size is below 256.00 MB

 Simulation temperature : 298.15 K

1. SIMULATION FREQUENCY = 5 MHz 
-------------------------
 Green functions          |     0: 0: 0   |     0: 0: 0   |      0.75   
 Basis creation           |     0: 0: 0   |     0: 0: 0   |      2.81   

QUASI-STATIC CALCULATIONS
-------------------------
 Matrix load              |     0: 0: 1   |     0: 0: 1   |     12.08   
 Matrix load              |     0: 0: 0   |     0: 0: 0   |      0.00   
 Matrix solve             |     0: 0: 0   |     0: 0: 0   |      2.43   
 S parameters             |     0: 0: 0   |     0: 0: 0   |      0.03   

2. SIMULATION FREQUENCY = 13.56 MHz 
-------------------------
 Matrix load              |     0: 0: 0   |     0: 0: 0   |      0.50   
 Matrix solve             |     0: 0: 0   |     0: 0: 0   |      0.00   
 S parameters             |     0: 0: 0   |     0: 0: 0   |      0.00   

3. SIMULATION FREQUENCY = 50 MHz 
-------------------------
 Matrix load              |     0: 0: 0   |     0: 0: 0   |      0.00   
 Matrix solve             |     0: 0: 0   |     0: 0: 0   |      0.00   
 S parameters             |     0: 0: 0   |     0: 0: 0   |      0.00   
 Adaptive sampling        |     0: 0: 0   |     0: 0: 0   |      0.01   

4. SIMULATION FREQUENCY = 37.8533 MHz 
-------------------------
 Matrix load              |     0: 0: 0   |     0: 0: 0   |      0.00   
 Matrix solve             |     0: 0: 0   |     0: 0: 0   |      0.00   
 S parameters             |     0: 0: 0   |     0: 0: 0   |      0.00   
 Adaptive sampling        |     0: 0: 0   |     0: 0: 0   |      0.00   

5. SIMULATION FREQUENCY = 25.7067 MHz 
-------------------------
 Matrix load              |     0: 0: 0   |     0: 0: 0   |      0.00   
 Matrix solve             |     0: 0: 0   |     0: 0: 0   |      0.00   
 S parameters             |     0: 0: 0   |     0: 0: 0   |      0.00   
 Adaptive sampling        |     0: 0: 0   |     0: 0: 0   |      0.71   

------------------------------------------------------------------------------
TOTALS
------------------------------------------------------------------------------
 Nr of Frequencies   : 5 

 Physical memory :    77.55 MB
 Virtual memory  :    90.29 MB
 Page faults     :       20179
 User Time       :    0h 0m 1s
 Elapsed Time    :    0h 0m 1s

==============================================================================

