0.011393407297015023
0.01009446702503884
0.0099838050124814986
0.009977422409805729
0.0098260636906119716
0.0097480294979269601
0.0097155453667359185
0.0095939833422708683
0.0093968830691414842
0.0092535258223528424
0.0092162643470571921
0.0091284000479708981
0.009113568335264487
0.009051539794403653
0.0087687486465755134
0.0086670225890514933
0.008522267480548051
0.0083786183510735478
0.0082911762677811713
0.0080982069591682051
0.0078720198675928006
0.007808255440023751
0.0075525517420402437
0.0075163935038577104
0.0073500059383567583
0.0073306540409327596
0.0071809134585526018
0.0071550691494606071
0.0070981104576218756
0.0070852787882363646
0.0069567554840667453
0.0069188405369016055
0.0069133217747074658
0.0067738336606125013
0.0066869106287617813
0.006656778862488299
0.0066219937567879939
0.0063950876899296861
0.00637653634818614
0.0062621084619277744
0.0062497141008556788
0.0062227746584605425
0.0061852794861126954
0.0061500943925751773
0.0061012125811669869
0.0060913430780328787
0.0059091628979287625
0.0059040907014549105
0.0058450663363159476
0.0058290518754300176
0.0057670364740417647
0.0057513395871814409
0.0057417213620709097
0.0056747899224977782
0.0056245390272241496
0.0055904870451452902
0.0055806940187172974
0.0055794775132585132
0.0055300665091449911
0.0054725262655818934
0.0053846646532221725
0.0053069414777557602
0.00530472465106258
0.0052539052058559301
0.0052473831575193912
0.0052354057665761084
0.0052331303177192744
0.0052085360685375295
0.0052035790936541104
0.0051086657734681724
0.0050882729565920985
0.0050622056941458373
0.0049745183604148063
0.0049397421010036495
0.00493217135066212
0.0049108737852782604
0.0048887103314149069
0.0048354547747602155
0.0048259179120688136
0.0048168354095305147
0.0048042913978095601
0.0047948704661996853
0.0047622222046542883
0.0047574042356073624
0.0046991735458650407
0.0046940937323411017
0.0046927220593111739
0.0046817382640798417
0.0046772007674539887
0.0046629579603900016
0.0046439116177893029
0.0046417344191449009
0.0046219915357363995
0.0046013592589049601
0.0045911200203925763
0.0045835475296180086
0.0045767570422713009
0.0045726843803919181
0.0045608794016845974
0.0044740948818162837
0.0044538316898145875
0.0044397121489112585
0.00441955998058652
0.0044108297097454939
0.004399630641844344
0.0043862313506372562
0.0043730605183160114
0.0043623274981346959
0.0043507360113410219
0.0043116563272482941
0.004307375872185772
0.0043073068389933005
0.0042627819875429981
0.0042436089944355672
0.0042339630327503115
0.0042332014923317342
0.0042313884327228445
0.0042200916786069645
0.0042179139312019612
0.0041784635663635692
0.0041578425792601409
0.0041298829160547751
0.0041247174563433181
0.004097389050531924
0.0040955588964347242
0.0040829200053401089
0.0040542842184389406
0.0040488093918485107
0.0040418548029970578
0.0040151421047598355
0.0039837479053641727
0.0039788953485961212
0.0039745492826185717
0.0039698554596425753
0.0039634574787030061
0.0039600400420934916
0.003941064005785532
0.0039370269191607715
0.0039366559359563461
0.0039234731445657615
0.0039027526239106864
0.0038556580096751722
0.0038528939274305577
0.0038451033886037758
0.0038346178960658095
0.0038250831194898117
0.0038231171571197469
0.0038206133639797357
0.0038191013430572802
0.0038108230192461265
0.0037751010096352825
0.0037741332163181238
0.0037603692610838468
0.0037461747042227683
0.0037339811377012757
0.0037257402465493473
0.0037061626021831044
0.0037016016661756031
0.0036926721917048635
0.0036858015608028406
0.0036708177336361508
0.0036640861707938834
0.0036578857860496486
0.0036429678048153927
0.0036424662832056222
0.0036345142272087854
0.0036327564851333866
0.0036248945424506226
0.0036231575334353498
0.0036211862682581611
0.0036191516744140495
0.0036148362134662397
0.0035931704230453528
0.0035888844017853091
0.0035865162526119909
0.0035740281207565371
0.0035629565718094309
0.0035609998221560373
0.0035607476861531876
0.0035572069403406546
0.0035505052935009304
0.0035351923046293364
0.0035216807545501352
0.0035147868222788372
0.0034861249156796564
0.0034814561961014102
0.0034794648231264791
0.0034618564274634766
0.0034560310971963226
0.0034536953059774904
0.0034382420666012352
0.0034375142366629583
0.0034359063620221343
0.0034230025077652817
0.0034155967650027273
0.0034150919107906233
0.0034143104237403664
0.0034124845443371504
0.003410713006377273
0.0034061712004893451
0.0033999329308664764
0.0033945503159809728
0.0033924085284254145
0.0033833817335750592
0.0033772773783455998
0.0033569869030552488
0.0033374160536645816
0.0033309286784235096
0.0033265042093791868
0.0033244699179399997
0.0033121660833939333
0.0032951450525719778
0.0032923485088150457
0.0032903318349846813
0.0032857385260339879
0.0032832069774825457
0.0032763425059298811
0.0032725522201673273
0.0032648760866325305
0.00326280283112021
0.0032543615312036361
0.0032494479076305149
0.0032459008844217697
0.0032423983818388766
0.0032314338593661578
0.0032065604333389448
0.0031986704972781586
0.0031938873900005682
0.003164769904387443
0.0031623281831142172
0.0031597271257844234
0.0031594045960353602
0.0031490179790372341
0.0031468606813841657
0.0031463723239073273
0.0031434488410715471
0.0031269961106271324
0.0031191446828799587
0.0031138412176786993
0.003101199304348063
0.0030972399410924196
0.0030846158621214057
0.0030760643978514622
0.0030706463737116764
0.0030623843007786785
0.0030512069945214928
0.0030504682928059489
0.0030499073236511108
0.0030471422292164666
0.003046491325547576
0.0030393259673899258
0.0030348691949751358
0.0030055260265425703
0.0030036506344062368
0.0029963539981841688
0.0029963167431126124
0.0029948800510211015
0.0029947881877461784
0.0029866363180649142
0.0029775328726661062
0.0029720543337784238
0.0029655089781930009
0.0029581719717093908
0.0029573210089155924
0.0029572406635983445
0.0029558177786258746
0.0029448140342540684
0.0029427666796515029
0.0029423036596820159
0.0029394561009808166
0.0029224756539192082
0.002922136283160689
0.0029140612330953177
0.0029076392348657935
0.0028948715069732271
0.0028818547399120332
0.002868467597720515
0.0028675388347357573
0.002862923976953982
0.0028560217910449238
0.0028525686095435686
0.0028481232740201006
0.0028450027471271077
0.0028313745741610601
0.0028285978220893666
0.0028278091239572404
0.0028187035442131174
0.0028117805995585836
0.0028027345891658479
0.0027967619122080513
0.0027928288255065483
0.002784739890635345
0.0027682692455727217
0.002763578020923912
0.0027521160244333241
0.0027388690578263966
0.0027131893139216274
0.0027126047681015836
0.0027095760644584035
0.0027094156240065072
0.0027046395998462629
0.0027011057058326251
0.0026955817203840916
0.0026929046864505378
0.0026907795390614612
0.0026858310982000202
0.0026851735820107481
0.0026823906404012704
0.0026810838823268907
0.0026720744255888692
0.0026649275623008449
0.0026621202326203948
0.0026469546107067373
0.0026468675928922342
0.0026451454386537598
0.0026426167052327563
0.0026399125152385774
0.0026359228950639585
0.0026296231390127399
0.0026276492164348914
0.0026252527861926468
0.0026166474235317454
0.0026033436624781458
0.002597866766045977
0.0025942125073864803
0.0025928113238907237
0.0025895283283026128
0.0025747662447010459
0.0025727620796245818
0.0025713005890188548
0.0025661129398826376
0.0025513558853211206
0.0025495545659505259
0.002547324858343478
0.0025414430036394741
0.0025385503246923898
0.0025383860260290072
0.0025335241665353845
0.0025333204362611062
0.0025318407062653449
0.0025249502869811587
0.0024946761673383809
0.0024929290952049542
0.002492900624486529
0.0024891120866173816
0.0024809958106339455
0.002478359548594601
0.0024759409705203813
0.0024754624910162302
0.0024753418461429849
0.0024725916708997282
0.0024663726085410675
0.0024628892992641536
0.0024603484520978746
0.0024398289872389614
0.0024356576541674289
0.0024337580727087408
0.0024252728346297976
0.0024140756361583976
0.0024129233296006133
0.0024097715845658005
0.0024039756519966126
0.0023954176114120225
0.002395404645138243
0.0023790580467964026
0.002378427587860586
0.0023776433733890137
0.002357118965366617
0.0023569536816911425
0.0023470099190937795
0.0023467731746640171
0.0023442827935168278
0.0023442237029942846
0.0023420219416786228
0.0023414210685308483
0.002340337615015323
0.0023326466368410559
0.0023290473852472016
0.0023164860210011938
0.0023116191591544895
0.0023097714936290313
0.0023080740618090503
0.0023052220033622853
0.0023021701772003335
0.0023000199527121335
0.0022952429355653963
0.0022951067683974961
0.0022942794000795209
0.002290368057835009
0.0022883696525688281
0.0022861362212679109
0.002286100582493308
0.0022793137450465924
0.0022768115208363078
0.002276070020316569
0.0022703871779629179
0.0022658327681583787
0.0022655150353102626
0.0022623714129590797
0.0022573533802958123
0.0022520297786546213
0.0022491133203295724
0.0022438424250160929
0.0022402606002539364
0.0022327667228985788
0.0022298008206569258
0.0022141068987744364
0.0022110161380005352
0.0022105232961337515
0.0022100839438451091
0.002209412278880793
0.0022065040135903638
0.0022019000219814094
0.0021975213224641249
0.0021925436575656529
0.0021881281237809695
0.0021825715007955738
0.0021778241355023607
0.0021750484806996257
0.0021739907114942166
0.0021737175212648762
0.002172653884950249
0.0021637765087820656
0.0021565216215388462
0.0021529761817890413
0.0021477376553125029
0.0021459753863887127
0.0021449891485299118
0.0021406667807742983
0.0021384223318431234
0.0021374377167014311
0.0021321199476249473
0.0021314679649546008
0.0021309613251939185
0.0021291716675583411
0.0021242335499438848
0.0021164836553700115
0.0021091598410431724
0.0021089652210238129
0.0021087095125668352
0.00210789786633615
0.0020985200809142185
0.0020936791492320922
0.0020897759745004017
0.0020852101576922374
0.0020840279163144753
0.0020839071066953685
0.0020814408975106057
0.0020807127186964198
0.0020716562224505084
0.0020705376836919411
0.0020658544938790533
0.0020623614213488919
0.0020623188784925878
0.0020623092413129727
0.0020616677184447964
0.0020574260412626684
0.0020488836140001867
0.0020453522144027389
0.0020414779810542334
0.0020396674332077112
0.0020367614689559403
0.0020328823783656242
0.0020299047492775518
0.0020264377601058661
0.0020243076998307076
0.0020201614564383857
0.0020101199194298472
0.0020059333370142582
0.0020056978518263537
0.0020052147955720158
0.0020046968174513603
0.0019980508373023775
0.0019918317640761885
0.0019881559032551249
0.0019881048094987329
0.0019872974334811159
0.0019854772110717627
0.001983475758913251
0.0019827277157801349
0.0019797170061235441
0.001977339063046004
0.0019764100684420719
0.0019718661460902329
0.0019712588519377847
0.0019682511593528428
0.0019652614069765924
0.0019592180689888459
0.0019579182691830494
0.0019567853496178515
0.0019564967132064525
0.0019521330199505802
0.001947413546487226
0.0019460760006465329
0.0019443777299961473
0.0019441330722060135
0.0019404635410665535
0.0019403455979697531
0.0019304285760970861
0.0019287032179678544
0.0019282098902870678
0.0019277745480853678
0.0019206664793511576
0.0019204567105579069
0.0019188327879363087
0.0019163919953219385
0.0019125050492171053
0.0019120842988087049
0.0019116559908930525
0.0019082432476914433
0.00190171211957975
0.0018984352524517418
0.0018983509758531366
0.0018981562334092717
0.001896315166361618
0.001894649718540945
0.0018931023320597103
0.0018860094766292221
0.0018856687446463022
0.0018849944662205215
0.0018841461526358857
0.0018818207892577156
0.0018816172339692647
0.0018802794517888358
0.0018748301956295463
0.0018705609864746117
0.0018675385030036704
0.001866223452917231
0.0018622313035126098
0.0018610434074049298
0.0018605279310740922
0.0018592279973945235
0.0018565864196541022
0.0018542520525438491
0.0018495863481822394
0.0018490867291151628
0.0018488220842096056
0.0018478882372127171
0.0018429558221201854
0.0018427508181279981
0.0018396890044800292
0.0018389403036169851
0.001836266743643012
0.0018208651622726325
0.0018195877685447319
0.0018174241931647123
0.0018167959236805376
0.0018135245589015561
0.0018078559928938777
0.0018070063746414376
0.0018016058038065458
0.0018014365597754844
0.0017999027735289403
0.001794456466126031
0.0017878809145126196
0.0017865237163483172
0.0017852389681607952
0.0017780548280438427
0.0017769264314498798
0.0017727542434910497
0.0017710797686227098
0.0017668536816168219
0.0017658064872178281
0.0017642098926777879
0.0017641634643852618
0.0017631642516894037
0.0017574178567011606
0.0017571238813470006
0.0017561504115221063
0.0017559780407091735
0.0017552162807676387
0.0017515386100005758
0.0017515027772881343
0.0017483203072471371
0.0017482581847740907
0.0017462195779223511
0.0017449724678124709
0.0017443590506668926
0.0017435991126559232
0.0017417247664953438
0.00174055810160035
0.0017370603911511196
0.0017359718937967846
0.0017351975415274491
0.0017147420776330955
0.0017094209664983151
0.0017093514526031076
0.0016970222291245042
0.0016959890247589791
0.0016941911890427507
0.0016935271636154591
0.0016918053335300228
0.0016886791103160293
0.001686553539948813
0.0016856924100347183
0.0016817863206028344
0.0016814106806282267
0.0016759510329112596
0.0016752460764374883
0.0016735019693792192
0.0016715921081910984
0.0016682389004203976
0.001664933747497546
0.0016637135501682649
0.0016592280935490689
0.0016584103144545966
0.0016566393977921138
0.0016556365239754941
0.0016527627182051014
0.0016517113804193025
0.0016490113084585156
0.0016481280876078815
0.0016462664395400569
0.0016460229190991306
0.001644826216363231
0.0016427099370484425
0.0016418063421732374
0.0016407143979745111
0.0016396453372918532
0.001638973557041171
0.0016383475020212842
0.0016346965807964389
0.001633390443854449
0.0016331446624020475
0.0016326230040328525
0.0016310701199063827
0.0016302542767735061
0.0016298254375172242
0.0016252056060236855
0.0016244152982947161
0.0016238921651124836
0.0016199296346968773
0.0016194816495759988
0.0016157138190566779
0.001614273677574752
0.0016138087741898398
0.0016102705113335448
0.0016096351124429793
0.0016015854930961483
0.0015989372876505088
0.0015984568040842903
0.0015976260999951192
0.0015915256110749156
0.0015886213871394513
0.0015884566677056957
0.0015883233333595171
0.0015866669985029507
0.001585976517846945
0.0015829407746167786
0.001582070373342291
0.001577695127163376
0.0015745619195265516
0.0015716550455957424
0.0015709141312483365
0.0015673266381142597
0.001554877710468185
0.0015529015790160788
0.0015519851940137845
0.0015482383643902981
0.0015480078756768914
0.0015471869484697885
0.001546942937997686
0.0015464760247678561
0.0015457906229038817
0.0015425751252792469
0.0015408622792152306
0.0015377353968236876
0.0015358026543611709
0.0015349904076043235
0.0015345970777110001
0.0015315498780394327
0.0015310542354775851
0.0015224819514274965
0.0015159515321652428
0.0015142779215544131
0.0015140800085156152
0.0015105220561385385
0.0015096461161011794
0.0015088158630725745
0.0015077213557257386
0.0015064195642664085
0.0015046234601464785
0.0015021779677661046
0.0014964920303125648
0.001496385965931863
0.0014963271792189233
0.0014940267067554303
0.0014916999698217179
0.0014879312114212775
0.0014874800197211715
0.0014849655813103011
0.0014845031924500707
0.0014842412940710523
0.0014797027219688292
0.0014793278927766908
0.0014792934207166573
0.0014787572758165003
0.0014768481409148547
0.0014761654038470521
0.0014756040867176347
0.0014729523546720108
0.0014701232488253425
0.0014661393990007135
0.0014645379677214753
0.0014635049712242655
0.0014632656668378302
0.0014627784743325863
0.001460151068244674
0.0014599203129374994
0.0014549300097788055
0.0014538131708138038
0.0014516336576452136
0.0014506055072429096
0.0014489099435699261
0.0014472811551452468
0.0014471641042537481
0.0014465810947707706
0.0014448607921612004
0.0014446605717838505
0.0014428962467429082
0.0014427750181811986
0.001439569957427559
0.0014333192992043949
0.0014327919367022393
0.0014320371238190426
0.001431284170278974
0.0014286976492343048
0.0014279560684291471
0.0014227998380581331
0.0014217883545216965
0.0014187252440674624
0.0014185564303137203
0.0014172414227249753
0.0014165763757748341
0.0014154707049499533
0.0014097404238700313
0.0014069603979629097
0.0014066239523668311
0.0014064880267504432
0.0014062144405613845
0.001405329852936521
0.0014026926865248817
0.0013991137869489845
0.0013983132381351863
0.0013947694464349586
0.0013935779588156827
0.0013932451136140858
0.0013915849723546616
0.0013904513949915636
0.001388497353152888
0.00138840063797766
0.0013879061820907723
0.0013879054732100246
0.0013842508262334697
0.0013840362581911676
0.0013821277831696367
0.0013816257609356925
0.0013806715036916615
0.0013760164938554338
0.0013754043456099198
0.0013731074840448861
0.0013728212787460768
0.0013698774235525637
0.0013685464004146793
0.0013672887945782872
0.0013624957997798875
0.001362395124354675
0.0013620370583962696
0.0013599555348878878
0.0013580393927942246
0.001357634030789356
0.0013570813932737178
0.0013526630951523669
0.0013526145739551896
0.0013519049012628377
0.0013510675160362921
0.0013466475347172007
0.0013466079931963586
0.0013462677805614178
0.0013461409294320305
0.0013426048280193545
0.0013362308792426417
0.0013357480808923786
0.0013344536283246696
0.001334040247481291
0.0013308233571326757
0.0013305562993459793
0.0013297326593244064
0.0013239970067301981
0.0013239373319035705
0.0013206624332495272
0.0013190260972541642
0.0013154463774696244
0.0013145901119668501
0.0013130357558397505
0.0013113772145932957
0.0013106023919159011
0.001302478841883257
0.0013006123083902975
0.0012934997190591423
0.0012910321860178154
0.0012907522497423714
0.0012881167419853431
0.0012879297190063605
0.0012858334374817046
0.0012827033004096015
0.0012799129921127938
0.0012789857483001606
0.0012767721488520906
0.001271862958927088
0.0012704605346758563
0.0012693768927903213
0.0012663663271595185
0.0012657844624132223
0.0012643196649231485
0.0012618393882422908
0.0012603918522704717
0.0012586177337625846
0.0012533748526674573
0.001250928126324198
0.0012476485496948451
0.0012454481998205441
0.0012446758705123274
0.0012442058536882947
0.0012419586199158589
0.0012418570531835757
0.0012413813485438907
0.0012365687752654679
0.0012364873584500427
0.0012351841359270162
0.0012349578085478973
0.0012338022484901835
0.0012321874412326045
0.0012320473955852373
0.0012301568344299924
0.0012267863819068595
0.0012265072110361919
0.0012262724105472709
0.001222955001496202
0.0012229137616362796
0.0012202802363209767
0.0012195624473055598
0.0012194221096012005
0.0012194152462735948
0.0012192117745422825
0.0012163083146205019
0.001212006610320388
0.0012109372548620401
0.0012106654730226671
0.001209070932138514
0.0012023859654200994
0.0011994419224043474
0.0011993719842268798
0.0011987301735622228
0.0011977771703157243
0.0011953351469809086
0.0011951543685185075
0.0011939336201295559
0.0011934027898238269
0.001192587902080705
0.0011913784542914119
0.0011889163434159987
0.0011818933455843969
0.0011816214026948307
0.001179803727289941
0.0011792063854041293
0.0011787226934941828
0.001178200154680981
0.0011779607168431547
0.0011761467948396393
0.0011755546053063687
0.0011746163667670597
0.0011715016520205033
0.0011709274355799746
0.0011708545908239996
0.0011702712598825851
0.0011682829050153392
0.0011668224975741881
0.0011668102262732997
0.0011666533136148642
0.0011638970036483166
0.0011638748061657356
0.0011636986225136952
0.0011632217233176873
0.0011575711212257287
0.0011562476719199856
0.0011538131799047372
0.0011534516367556855
0.001152329567264765
0.0011516803038337229
0.001149629952959845
0.0011455774948212385
0.0011447448547318077
0.0011429744378307751
0.0011392648244917339
0.001139090369197134
0.0011383565857332732
0.0011379397622327449
0.0011377731209921784
0.0011361852646631471
0.0011356799805598572
0.0011352311721272402
0.001134109990089803
0.0011334213008543513
0.0011325161477335943
0.0011280572730782092
0.0011253286528873881
0.0011242415396023127
0.001122799704659777
0.0011222103059709309
0.0011210494098379167
0.0011205490894160039
0.0011184701825306621
0.0011183936227613604
0.0011168262614772583
0.0011161511553576101
0.001115469104014475
0.0011141470410789369
0.0011137382580049639
0.0011134186018340706
0.0011130545157015457
0.0011129013665327433
0.0011079536868398949
0.0011077914555321494
0.0011064581739241414
0.0011060388232498161
0.0011030470850243537
0.0011021755369831983
0.0011006317214167359
0.0011001055214423876
0.001098843967446991
0.0010964047652067825
0.0010957170850050897
0.0010948669020672366
0.0010893204107843555
0.001088699356820051
0.001086956721965443
0.0010828927168249302
0.0010814453333562032
0.001078289521223858
0.0010759064764905035
0.0010751198581669089
0.0010747007822756213
0.0010731181382602024
0.0010724111520022191
0.0010705393531038334
0.0010700443145900389
0.0010690951175799412
0.0010684325514075752
0.0010680086631568713
0.0010664625350368126
0.0010653970367115965
0.0010651167753211789
0.0010634411516332505
0.0010607361695394891
0.0010565515861197183
0.0010564219783521451
0.0010563800844465047
0.0010560931892173578
0.0010533988685303838
0.0010527683534645846
0.00104969841225476
0.0010489077328243806
0.0010477435064886161
0.0010463731398610435
0.0010423894560056418
0.0010423415498877161
0.0010421010830850863
0.0010394685286870715
0.0010376814985547838
0.0010351263920052409
0.0010340669738173743
0.0010337372060091211
0.0010333235715294703
0.0010328214512412364
0.0010315808186703212
0.0010312171527928642
0.0010310182533468631
0.0010303374352150171
0.0010302071978197155
0.0010293386015610684
0.0010269939915054916
0.0010261497781647673
0.0010247408061516907
0.0010196352235587538
0.0010185170602808194
0.0010179345739981861
0.0010179336947763488
0.0010175126461893919
0.0010169870623505893
0.0010144399731054458
0.0010130007836533254
0.0010120578723829255
0.0010119319539106859
0.001007131786143086
0.0010064463443737795
0.0010052094253184263
0.0010042900169815649
0.0010039062429079868
0.0010020723717381358
0.0010018355705354442
0.0010014734068690152
0.0010005378475688505
0.00099959358131717019
0.00099524219274641943
0.00099437402060647477
0.00099327779919118576
0.00099216975426414007
0.00098832275387906445
0.00098825868073204918
0.00098641975002791227
0.00098609532179650783
0.00098576480871174544
0.00098568450384001259
0.00098448702531643713
0.00098399625797361448
0.00098139060546297268
0.0009805085882274541
0.00097887978515958729
0.0009788183848020032
0.00097778373211819579
0.00097622619811539536
0.00097617551824073193
0.00097613603801583848
0.00097232003928503512
0.00096992982893336771
0.00096838472852025473
0.00096781017484502284
0.00096728049130220188
0.00096472519534705292
0.00096343194656056945
0.00096318265030234673
0.00096233419692220664
0.00096227080802564193
0.00096093475884184135
0.0009580615691655211
0.00095786936981653262
0.00095742955726769953
0.00095618275867037942
0.00095484904195854777
0.00095476365623072966
0.0009544846097378594
0.00095245566142660451
0.00095178867220381764
0.00095129074185505041
0.00095127241042281246
0.00095118736315383137
0.00095072150494896607
0.00095024680459254154
0.00094973750425833125
0.000947726869902954
0.00094606772721149283
0.00094465018968884211
0.0009436579217441647
0.00094341402015716473
0.00094192710152307809
0.00094068454854156212
0.00094017548911904888
0.00093959057202158854
0.00093921228891751625
0.00093818490626402043
0.00093806483937168453
0.00093717746200073972
0.00093389169075060847
0.00093235950943580182
0.00093068381522904201
0.00093027835213687813
0.00092871977185389964
0.00092867472222744646
0.00092796163811711182
0.00092760060489143305
0.00092680612279396886
0.00092569723147424977
0.00092490371155974334
0.00092450445859066591
0.00092173368175208555
0.0009209276389885668
0.00091950965717486942
0.00091838403037213326
0.00091693704608436586
0.00091673865172880629
0.00091666827633175971
0.00091655836338753538
0.00091628042070385847
0.00091596604274727842
0.00091589605914555838
0.00091396953201964453
0.00091378509663684021
0.00091342154050430492
0.00091304179712322839
0.00091086763945820426
0.00090745816696072333
0.00090733887475260026
0.00090722379710144255
0.00090512203803570085
0.00090486302833951184
0.00090406254314987758
0.00089909830019362384
0.00089646820090943545
0.00089577894039577857
0.00089556293131098452
0.00089538309497856107
0.00089497869851635245
0.00089422022797064793
0.00089348348356189467
0.00089291133448307061
0.00089287286418407051
0.00089282254102566224
0.00089120357484731084
0.00089103758694397033
0.00089073004344386141
0.00089005662296664601
0.00088896954668303584
0.00088848208074212317
0.00088782626862976988
0.00088597298130372909
0.00088398037653405093
0.00088356162558739021
0.00088313120299185249
0.00088127864128212797
0.00087875963999793172
0.00087712116632668563
0.00087482734420108029
0.00087025852768444698
0.0008667833335949946
0.00086671196945148105
0.00086306306403369844
0.00086040076501478122
0.00085976609011579003
0.00085933952652319406
0.00085855339004905877
0.00085774334444854738
0.00085773082395784088
0.00085738917905315128
0.00085545896223841245
0.00085400772852350937
0.0008531356963577206
0.00085267571711620355
0.00085036946567223647
0.0008500570466239588
0.00084754963051179562
0.00084732248331487712
0.00084655099049041544
0.00084455475885295808
0.00084413013953893651
0.0008440729317693512
0.00084245755129458931
0.00084074046713445815
0.00084070517701318392
0.00084055651839140186
0.00083730279929871278
0.00083625943911120855
0.00083527989508002602
0.00083300713849661042
0.00083274036101560771
0.00083155772369987544
0.00083120255680615778
0.00083091014941690888
0.00082912736431584586
0.00082755494715245346
0.00082746825633505609
0.00082676600521423729
0.0008261717126820025
0.00082600613470638939
0.00082565161305649993
0.00082557392013228354
0.00082501865535960183
0.00082025273601268314
0.00081994475669329209
0.00081843957361996881
0.00081820654782966719
0.00081732313740649277
0.00081399326302391238
0.00081379214913979722
0.00081211063719913992
0.00081207830583431039
0.00081199935768721621
0.00081143492022695885
0.00081028936088186449
0.00081011270025995613
0.00080370546027531086
0.00080327399192399289
0.00080290567508793588
0.00080202649581613311
0.00080167329704950514
0.00080139379389283197
0.00080061024279824569
0.00079974096500210867
0.00079663052245054116
0.00079566404785165945
0.000794692866152354
0.00079089494569630598
0.00078995205861197965
0.0007890033887930193
0.0007887339457973956
0.0007876546507383826
0.00078686050828604445
0.00078559768071520704
0.00078541543437079077
0.00078444927824859571
0.00078137600058680607
0.00077956775693679536
0.00077935316157303402
0.00077894490597649082
0.00077844481451889254
0.00077748856535956711
0.00077616591815468639
0.0007758105179610067
0.00077576845283920161
0.00077528147590393156
0.00077456497467924068
0.00077432308323258417
0.0007720042276364137
0.00077130811170914265
0.00077129258146654096
0.0007711343911423489
0.00077090118342874729
0.00077029312237648332
0.00076862446340189257
0.0007674828738835958
0.00076645804459971555
0.00076507061197087054
0.00076418008346034729
0.00076411199307283267
0.00076335980189752768
0.00076269460559456664
0.00076252958075539697
0.00076252797373987545
0.00076213228618523296
0.00076158823872215001
0.00076126598745487103
0.00075965424077031668
0.00075846275002704059
0.00075798120299301445
0.00075789592068393466
0.00075566786444952955
0.00075415774593685242
0.00075395374390736639
0.00075377030557451932
0.00075355487509475916
0.0007527759787554774
0.00075159737736617586
0.00075117478870964866
0.00075009093459621023
0.00074758366312426385
0.00074689482940855085
0.00074678909730871369
0.00074574494756953608
0.00073895598299996595
0.00073791793127447143
0.00073666972157552287
0.00073640840618293399
0.00073530580466658261
0.00073418482910648456
0.00073407016161315631
0.0007338428168410223
0.00073345846927207995
0.00073257918386079326
0.00073256411859538666
0.00073247881196780967
0.00073192066437741457
0.00073047239828802942
0.00073016914494193228
0.00072937908914751202
0.0007289538829032122
0.00072854101100214058
0.00072850396001143919
0.00072736726411221683
0.00072679290177922126
0.00072678691787881971
0.00072651129259623175
0.0007258825486389141
0.00072550675855220965
0.0007249711414755622
0.00072471826035066915
0.00072454019057006513
0.00072415669068762157
0.00072220943507112824
0.00072209953276701619
0.00071994191358893203
0.0007183724723342107
0.00071817231175614552
0.00071761445555192831
0.0007167699468198503
0.00071540944791478314
0.00071370313445117382
0.00071352175878712867
0.00071345373844080608
0.00071208478951948829
0.00071087768704752299
0.00071072549175353519
0.00070852292519827395
0.0007063101320889107
0.00070511151129031794
0.00070468536814658833
0.00070365045069523905
0.00070333160468576106
0.00070225062024648641
0.00070157345630686028
0.00070101721559678821
0.00070089662237779687
0.00069878173021564163
0.00069834943045031831
0.00069798739424725112
0.00069586133657355265
0.00069549901176440361
0.00069519889481971329
0.00069284084377397204
0.000692037454056322
0.00069171948756074821
0.00069081081519340923
0.00069073064604314039
0.00069068736902506533
0.0006902941960310339
0.00068831053597164329
0.00068813800890022499
0.00068776674423348075
0.00068687539325393244
0.00068665195200651684
0.00068648462545827156
0.00068574348661680213
0.00068504038118753655
0.00068451839568199114
0.00068451786871866161
0.00068219906965943228
0.00068130510805217202
0.00068075926752866108
0.00067982952348849741
0.00067902072559563947
0.00067901394786882825
0.00067869512785910784
0.00067861535584236841
0.00067782541171619213
0.00067747322668182158
0.00067740313713672107
0.00067706882163565737
0.00067635078843457505
0.00067534643411984853
0.00067487031202164522
0.00067416201435473047
0.00067415753175791514
0.00067299923011377284
0.00067186524428914404
0.00067179557363615159
0.00067040976084002169
0.00066985634835216442
0.0006676451259746525
0.00066645376942907309
0.00066365337148556979
0.00066326391000707575
0.00066248892053117269
