==============================================================================

                  ------ MOMENTUM STATISTICS (MW mode) ------

              Momentum MomEngine_64 2025.10.433 (*) built: Oct 23 2024
                           Thu Jan 23 16:44:02 2025

==============================================================================


------------------------------------------------------------------------------
MESH
------------------------------------------------------------------------------
 Frequency          : 0.05 GHz

 Rectangular cells  : 5
 Quadrangular cells : 27
 Triangular cells   : 44
 Via cells          : 16

 Edge currents      : 123

------------------------------------------------------------------------------
SOLVER                        USER TIME      ELAPSED TIME      MEMORY         
PROCESSES                      (h:m:s)          (h:m:s)         (MB)          
------------------------------------------------------------------------------

SIMULATION SET-UP
-----------------
 Initialization           |     0: 0: 0   |     0: 0: 0   |     35.94   
 Ports analysis           |     0: 0: 0   |     0: 0: 0   |      0.05   
 Mesh processing          |     0: 0: 0   |     0: 0: 0   |     26.80   

 Matrix size : 410
 Reduced matrix size : 224
 Estimated process size is below 256.00 MB

 Simulation temperature : 298.15 K

1. SIMULATION FREQUENCY = 5 MHz 
-------------------------
 Green functions          |     0: 0: 0   |     0: 0: 0   |      1.57   
 Basis creation           |     0: 0: 0   |     0: 0: 0   |      5.67   
 Matrix load              |     0: 0: 5   |     0: 0: 1   |     22.80   
 Matrix solve             |     0: 0: 0   |     0: 0: 0   |      2.37   
 S parameters             |     0: 0: 0   |     0: 0: 0   |      0.02   

2. SIMULATION FREQUENCY = 13.56 MHz 
-------------------------
 Green functions          |     0: 0: 1   |     0: 0: 0   |      0.67   
 Matrix load              |     0: 0: 5   |     0: 0: 1   |      1.24   
 Matrix solve             |     0: 0: 0   |     0: 0: 0   |      0.00   
 S parameters             |     0: 0: 0   |     0: 0: 0   |      0.00   

3. SIMULATION FREQUENCY = 50 MHz 
-------------------------
 Green functions          |     0: 0: 1   |     0: 0: 0   |      0.00   
 Matrix load              |     0: 0: 5   |     0: 0: 1   |      0.23   
 Matrix solve             |     0: 0: 0   |     0: 0: 0   |      0.00   
 S parameters             |     0: 0: 0   |     0: 0: 0   |      0.00   
 Adaptive sampling        |     0: 0: 0   |     0: 0: 0   |      0.00   

4. SIMULATION FREQUENCY = 37.8533 MHz 
-------------------------
 Green functions          |     0: 0: 1   |     0: 0: 0   |      0.00   
 Matrix load              |     0: 0: 7   |     0: 0: 1   |      0.18   
 Matrix solve             |     0: 0: 0   |     0: 0: 0   |      0.00   
 S parameters             |     0: 0: 0   |     0: 0: 0   |      0.00   
 Adaptive sampling        |     0: 0: 0   |     0: 0: 0   |      0.00   

5. SIMULATION FREQUENCY = 25.7067 MHz 
-------------------------
 Green functions          |     0: 0: 1   |     0: 0: 0   |      0.00   
 Matrix load              |     0: 0: 7   |     0: 0: 1   |      0.12   
 Matrix solve             |     0: 0: 0   |     0: 0: 0   |      0.00   
 S parameters             |     0: 0: 0   |     0: 0: 0   |      0.00   
 Adaptive sampling        |     0: 0: 0   |     0: 0: 0   |      0.62   

------------------------------------------------------------------------------
TOTALS
------------------------------------------------------------------------------
 Nr of Frequencies   : 5 

 Physical memory :    98.34 MB
 Virtual memory  :   128.53 MB
 Page faults     :       26398
 User Time       :    0h 0m33s
 Elapsed Time    :    0h 0m 5s

==============================================================================

